14043892657
13481347973
11409639432
12153279311
14584801007
14152074327
12662085544
15104073023
13048621293
13654438645
12897166955
13870801985
13632802311
13026984959
13373166303
13394802637
9920331506
13697711313
13978983655
12875530621
11566195196
12701224485
14736255345
13243348299
12832257953
9699320578
14519892005
11761889901
8138684933
7183718372
12427251898
13156802963
11996723547
12962075957
7820362746
14108801659
12231557193
14801164347
10693869754
14260255997
13589529643
12075001429
13611165977
12583807662
13719347647
12779502367
7502040559
14476619337
13784256649
10472858826
11605334137
2198160300
10822555317
14130437993
9367804186
14390074001
13762620315
9478309650
10979111081
13091893961
14433346669
13005348625
13827529317
14303528665
8457007120
13957347321
13351529969
14281892331
15039164021
12810621619
14454983003
14411710335
11213944727
6865396185
11174805786
14238619663
12918803289
11527056255
11253083668
13329893635
13200075631
14563164673
13676074979
14628073675
12983712291
15147345691
12270696134
11135666845
11018250022
10141342434
14909346017
13286620967
2987026728
12940439623
8775329307
14498255671
14325164999
11096527904
15277163695
14974255019
11683612019
14692982677
14649710009
13438075305
11722750960
12853894287
13264984633
13502984307
11292222609
13070257627
14844437015
13805892983
11957584606
13459711639
15017527687
10583364290
15212254693
14822800681
11057388963
15190618359
6228751811
14952618685
14779528013
14000619989
15060800355
3775893156
14173710661
10783416376
5869495109
4564759584
11487917314
10900833199
11644473078
15233891027
11918445665
13892438319
10939972140
12114140370
12309835075
5441419108
11448778373
14195346995
13849165651
10362353362
13524620641
14887709683
12622946603
9809826042
5013343107
13308257301
14714619011
15125709357
9588815114
12035862488
6547073998
11879306724
12192418252
10251847898
1409293872
12740363426
14930982351
13740983981
13935710987
9242187871
14757891679
14087165325
12388112957
13221711965
13914074653
12466390839
14606437341
10030836970
14065528991
10861694258
13546256975
14541528339
14368437667
13567893309
12348974016
14866073349
11331361550
11370500491
14216983329
8934892979
14995891353
13113530295
12505529780
9088540425
13135166629
14671346343
15168982025
14346801333
15255527361
11840167783
12544668721
13178439297
14022256323
11801028842
13416438971
15082436689
