3394540
33373688
16731509
2394044
1249331
42497565
0
40706983
369767
20617461
9198108
14085981
11743422
9717653
101250640
16335776
8266718
87006512
7341758
13528261
45646985
105497867
135685909
35580325
29896
0
68556585
261525058
5348843
56600749
276424595
241470576
31631530
353904023
174471445
418761660
318224931
349855764
117164373
45009911
64238146
129874548
265013072
275075411
70453227
54338236
223953606
317578853
251041566
354972053
549421024
14608136
529770720
259786303
635334782
80351137
197811952
12709745
748165990
177758618
21012574
634546208
521650103
4963444
176638351
247621097
163526649
191394379
471418456
676881426
140795288
640947210
229141787
207982562
205544902
752797353
518169529
57153096
415248071
423257506
68552702
571225497
968705613
217213406
389070202
1133312997
90617161
54303329
957859511
758755682
506290913
733019953
484741300
251222476
839165780
260233610
1163033917
790246078
101667426
255943352
721695666
1143408930
325197868
1308622754
864478626
784623509
38994680
322086648
94585947
1190160682
753158191
489363983
92669737
607440597
6886197
594041264
93341601
1663176686
331846028
183056098
801622216
1151974382
1469344328
173175507
702452814
1819932857
40365509
1945905530
1171357085
1712834925
1917513641
477183961
315862925
191625568
1844539668
845974680
398634014
201258347
1133378870
1342751474
5084206
1753921915
1476077329
791752572
1699220859
88499807
1085247181
1994577063
464758967
763322662
2271035145
68999007
1500876885
660355109
1219393425
76023985
1335780480
846357576
174921470
600083219
650153805
98312154
254459727
1089357536
118906998
905900938
2599427669
2038345118
2162741509
176128488
1532325703
2592165704
1963418128
1647756113
2104221597
130875059
1756073251
296522789
1919762755
1774518086
2258233263
1118105663
2156004283
2444405945
719938921
1291956054
1190836966
1920529439
2001144634
1380843731
38091247
681964090
819261836
2921923421
2087878932
1590868048
9229228
3239451980
989577014
1705588780
801608022
2251596075
2372076671
2001189351
876631306
117504723
997732352
160416643
424848863
66314862
287650904
1805276731
746533449
752278296
1167197136
1295709760
562563848
2136768391
2793709888
2801035773
1181017066
811262737
2469639902
1121641510
395141229
866011356
429212727
2349717588
19266072
1391894173
838961171
1117120522
2280200669
693861307
3733132446
3886047150
1290090388
4474132788
670144618
1628444836
3341150028
3823183971
941597313
520884243
2911724903
1282046038
3890922570
4307101761
3722058759
2690806824
246770751
3634557670
198613796
194020978
2099457965
995175209
2009485743
405127074
1350267306
3668377887
317693242
4553881400
1990914165
183389654
4322100180
3628860820
2938478426
197531566
4925529373
4475164653
1363423514
572392782
2163213716
5056502779
3018604319
4052677753
1617362013
4064227736
4775534223
2657168759
284908036
4955085526
406771881
1136989230
497833347
1589954010
869258501
4657985446
1187922450
2424875892
382902609
559947455
3228402829
3775424273
5412429547
2691285679
5331528243
69310608
466334234
5359936959
2945158499
1059867630
4379344499
783899683
551296865
3517105653
99950143
86983376
4044416857
558594362
1082014430
43859107
684276620
3428017854
3176119588
195695911
697346976
604126776
2294268546
933739501
3403295253
1109964937
1564552339
2305869901
4686647181
1353875805
2733051894
1022500498
553011506
543703102
1684880608
5054399975
3750091372
1562798950
596979057
3399213767
5572590870
6208826547
4157298167
474307586
251401080
1833956722
814802405
5921907808
206080111
2235663195
5576057190
1976468946
2882792183
682109981
1156587206
47726970
4562521288
1436787021
3689382462
1026769803
2173017112
1396606032
4642760914
314053464
3198161306
4296853823
2145284543
4133613860
4890556370
2934871327
1441734311
2570359402
181522099
3887488606
1085076477
3906857193
2902286971
1149215358
2684411484
6759222188
1174039628
6709081994
3121448058
331237994
673427241
754481832
6725332304
2550711723
163045409
4354762747
522048385
2313085896
3611747943
326861293
849742683
3416480290
470491742
420217958
2167468250
4336352227
1889858945
4343928201
415278239
632864910
4315072450
1026788584
5387567421
2356844643
3468277544
1976211508
106598448
3807936609
129607571
2311197051
1448019798
1863675414
7115759846
5387638969
2816354075
272649648
4784223410
5774589516
1743555722
2051210961
7611843194
7799517571
2405947491
2470605309
1310010677
4846002579
787908211
8112876218
1957717164
2549680005
3622496529
1728447131
921160856
2019201324
91677710
6105607005
3751195154
7341444492
6543403025
4564693939
5210793650
3068499164
3791101930
6239563376
2682491291
729815053
3768892091
2357895010
4666150210
1578361711
1634214679
5100850800
72393848
599952441
642622972
6427387114
328977810
6577336077
4414364856
419993852
431474276
4175378980
1199750822
5872301795
155746201
3636617718
2064060759
5444939319
1065373174
7680230235
2338144818
374920249
3447483035
1657712020
5473812102
5437733108
762571088
5307940702
237986390
2818457934
6497908555
48972979
6958850900
2831070641
4406572424
7473468440
5293954227
6356004289
8335976238
8845096336
1801999530
6602013385
1509956133
276845056
6344309009
4132167510
8528628970
7311117076
7886350147
2903636619
7352021759
1816062411
3237203304
586694878
3852923779
4742514722
6547600886
753528164
270611209
3859815131
2523764855
4861011748
1741194895
2838386680
7204553702
5220685306
7981118875
1928336379
7442580269
2360643818
5362597349
353611844
7193933633
7039511997
8105718695
3519540675
2590647693
211467730
248265199
9508260468
499409832
3943884320
7673607808
1247874071
3200120769
3617807831
2458596097
1051701960
3528731122
4751156632
1111161439
2125075470
1089614849
8043811630
8495669986
8633383017
825917365
1823574820
5277252336
2457070427
134032574
8463632122
1640079645
403953683
6131023650
2504577016
914868151
3018434473
10346231561
1364442428
4308570113
8257977617
4080579661
8612186982
3044262765
5267046764
6502161631
3718563248
5477808282
9140310771
228893828
202260498
902833795
7802129754
1102722787
110634504
927734421
136888065
474827409
640921960
2249934463
5515986497
2646376429
3493984152
4614166
1101448478
2260988105
7579617852
3154396776
468493861
9937669605
4904348328
4817760377
2299010747
2016869388
6303107264
10568717754
6185544075
7801611843
1850271040
771885456
10751955117
5571005223
319612185
913311673
8165764547
2324539303
131378212
7910939290
7614123402
10378320418
736892090
2620175306
8972308880
2824653255
3667401600
4739287589
1644458406
855208977
1628153478
4414943228
2989884927
9318257390
604846491
2448608273
2983439780
11756460833
1148567141
5062947122
1325542161
9296804609
5017000672
3670153341
1894725883
7808432138
9307086057
1420802887
1009882571
1173473502
5747827035
6641787181
1307117585
5262531950
836612943
1069502006
6169056969
2392655479
7118004913
359071782
858742444
8974612292
219686487
3981972303
7403859793
9199686673
1439745097
3825384626
194435596
2149822341
6346824285
6172218961
2332994467
10758426226
7252425274
3018697231
47960100
5442652228
6727283958
8328294941
7230061770
4750024482
9973653209
2441452954
10194138922
72428168
9416775740
9069646734
534905580
857710142
3483971477
5333033501
5134867006
6799043430
2272875599
10162108240
5348156403
2804200677
9016200180
3630773876
5295168522
10473858623
166907167
12516225240
531282705
6788891336
7710133618
3134332951
7926839776
879842648
10398730775
12898975134
8799385716
1282641472
772687336
13571001165
4266737989
6273161938
5605858481
6750861800
1909519957
4201124673
8865193588
5961745622
1874753833
1041701019
2999563805
3924108575
12488385972
7387790660
2640315454
5221942961
568535340
2477328069
2719687953
5252251057
12527334415
7332433481
3044264978
8148315120
5155481919
1746490954
9103154705
154668782
7540026485
9597553990
5455558526
7080501947
14260120928
2098190639
8748670708
3029234514
5346863297
7397365324
4696256907
9259995950
5147185842
6116661533
11095035836
1119988921
617581841
663177323
1695604556
2239256903
812933908
4568630155
980871163
555271639
2495347325
10510128590
7819504700
223746231
2185022055
13476090293
14519128442
6969962286
13322154150
12679073618
6367057198
1647633155
11737490861
14008384957
1845499362
4688146628
4097885662
5535212873
1885756710
3531557601
4665259522
13869064708
5061609347
5083894824
8362272583
4781414665
1351733757
12129516127
828958582
9059136162
4661595391
8093066399
5652026706
5550873053
5024178858
9626003041
5497094432
6933666382
12010883965
804951837
27638808
13741630057
6520133550
10053685317
241270876
7702183510
3310228451
1221679191
6553150021
38821631
795634911
9341335196
5822440583
5376162405
10734551329
10631502487
3716630740
2496829643
11202071228
13454029401
13970017033
386750170
1729691610
1772533146
510082816
4159997217
11094872266
7308594800
2549901334
15079808898
7620152009
6012956231
336544365
5651882826
665965506
5921677751
5491342015
5228204
11608980935
15389641922
5581528242
1368625995
10476093188
3105243056
2738632754
9020911371
6278506236
12689274349
190330205
3246614429
9788175751
11898874076
2940832376
719255168
2252032335
8711541664
587490290
1231053356
1502353562
9658840150
9995024109
1341788696
9834297367
6004280324
13284234945
13602561815
3399486156
7637707953
7178157637
2147564467
5775023427
8053118212
12191487294
1878194684
12146131915
2444810186
5232538160
1175104233
10991525524
1766368985
891657386
8083709096
8767362727
7288879591
7898675915
1989755756
1811155976
16235784781
4409144069
1711093797
217920064
5280222287
6881463563
1541671135
2651090023
3530485724
13064482378
3348857195
6414910995
1695091576
12693789539
5003309697
11253332063
14464426926
6462745972
14272784015
12516503707
3880517485
9512295601
1273634584
13102401581
5830314602
9062199814
4955021400
10680241645
89366079
16432471396
2082117368
5589034285
5756853131
7287087961
113147487
15397781429
730813297
6745306091
7857183211
5187861623
5550329837
1212833095
3338201877
1447310532
7494328573
16475904436
12282981617
11837163932
9315202844
14701771509
8173105496
6344322109
926086923
6381286174
6489939003
8221543055
2803776609
8222462440
12472133576
4530538528
14641873899
1273362902
14129452925
13757321226
809045184
1455973156
3214159583
833236318
1386346222
405091245
14981881250
2481650698
5224461728
6820672621
5280789762
10160157026
14111678024
974028901
97049361
14654769005
5903483073
13216133633
5603305606
7530836250
7089497543
9573196600
9893140723
1949370216
