3255
3227
1499
2953
3065
357
3426
1584
503
153
170
3799
2151
1227
44
809
2434
7550
2529
6550
312
4617
4150
2361
1029
1173
3587
143
312
1780
747
1489
446
1477
1133
177
2285
483
2177
694
5325
5564
2128
397
1309
1678
3635
2083
1102
3580
5680
977
1619
578
1688
3202
75
2252
4967
4730
4369
974
9839
6379
569
9822
1189
273
176
446
4167
1170
154
3504
23
703
2300
4288
52
1906
4933
502
4187
758
4899
3779
3655
3591
149
4804
256
1024
1512
300
127
117
567
766
1600
1703
5796
1425
46
4843
2718
1592
4737
436
131
3202
2911
1749
5652
63
1680
4794
3436
165
6470
5426
182
2704
6477
2042
1262
3429
3604
255
7095
545
515
4195
468
3352
2113
3261
523
127
325
3589
6336
3310
5801
2086
2336
1803
20
2624
111
506
1242
3107
7162
2030
199
3396
4539
1578
498
6239
152
1272
431
2022
409
8532
4310
1424
15
101
2620
248
4811
396
67
2719
1768
587
2222
197
792
2248
505
4272
5721
1534
639
6154
1819
1410
62
60
6385
2020
1348
5165
523
6975
1537
1877
370
1946
224
3844
4729
1201
303
4679
1711
3437
2282
4269
3064
342
2460
3905
5265
1106
17
1034
1932
7145
4351
3032
6026
7819
727
192
657
3608
4474
2947
3848
3163
3271
2330
545
1685
1032
368
5174
960
14
888
2065
72
1799
9760
143
2051
6442
3346
2605
459
3866
3370
4181
7805
1998
4751
6516
506
179
7411
373
3487
1196
1895
5677
5243
3098
12
1488
1463
4221
4056
2056
566
2537
766
6
535
823
847
4408
2940
1283
2082
3417
338
7779
287
1861
4588
75
5705
9189
75
370
5364
836
379
1999
2719
1481
2948
1
2204
9516
1987
1104
56
274
747
1149
6677
58
705
692
1916
1120
6779
9446
268
176
5216
2461
4795
184
5207
810
6024
3546
33
4993
2950
2631
6462
4938
539
1666
454
518
102
737
1874
8619
1683
1896
1947
163
4471
935
3439
4675
4326
625
692
904
146
581
102
19
768
1944
1700
993
1655
3321
6578
546
943
2480
326
1943
519
2150
3117
968
1146
6321
793
4272
539
132
5299
478
4516
203
3534
6824
2257
3044
2755
6702
4112
941
3073
1550
1266
815
289
1346
465
5669
3336
518
5316
2362
2498
869
1428
121
861
95
109
3837
1763
5711
3428
4867
686
6631
3447
1887
848
620
4886
1886
2630
1158
1606
2090
5303
2506
2875
2
1276
4752
1579
2661
1142
3904
2582
1859
5283
3
1219
1978
2578
3367
4183
7635
2437
588
1115
4045
736
7839
916
357
104
525
7440
3890
40
5661
4525
364
3289
2752
4557
4502
153
5226
45
558
2927
9394
1380
2479
1593
3510
7288
545
6805
25
1701
1641
1822
1032
1265
1886
264
1713
6087
5769
2093
351
5827
265
98
4551
4749
3094
2270
1309
755
2674
1635
3770
1318
4697
3972
2580
98
815
1409
2734
2007
1970
2715
3131
8150
3992
3085
7086
1000
665
2048
6726
6323
156
2528
25
4201
3284
5169
8023
2818
1788
265
2873
5911
356
1827
278
1498
2204
907
402
4916
5224
1112
3725
5529
7400
2726
6910
5122
2610
3331
1376
479
6068
805
4569
7966
2953
233
194
3494
2983
7645
158
1797
2381
2145
4528
8657
1427
4532
2045
2016
384
583
2527
5489
1731
2762
3703
1004
4281
2052
6599
277
4672
27
752
1967
7325
1841
1444
467
3738
27
1240
704
2022
1647
537
1965
3740
2833
2709
7236
2051
5453
6184
9793
3327
4138
95
3231
562
1608
2611
8
730
4054
7797
339
3491
820
1259
145
1168
1613
2425
229
639
8083
2031
5439
237
1690
1905
949
4556
670
190
3344
5345
5990
5967
6185
4648
2894
434
668
1635
5808
6954
4726
371
5911
121
3332
792
880
4780
247
210
2832
3477
4592
1556
6302
3519
4388
2352
7274
5086
1994
1771
405
714
2000
5
5256
2337
2284
558
6262
5023
5782
5601
1278
646
8299
1954
2478
778
3770
1824
555
977
6913
4602
148
448
1172
53
4408
626
245
1885
5054
1888
4389
1376
830
2309
2799
1493
7000
5616
262
734
3183
5659
5707
89
1448
5690
3069
1258
1884
2118
497
4434
1731
1282
3909
37
1302
2035
3504
63
1269
5733
4186
3752
5319
8253
2425
120
523
1169
1353
3580
5034
479
1541
3555
1278
3783
1100
356
263
211
2527
7768
70
236
1234
4920
429
2461
3196
6062
2398
1249
24
2083
1242
1139
2085
530
364
966
6444
4401
1814
1151
2927
1862
1285
6618
1557
6415
1347
251
846
1086
909
49
3026
246
1497
1501
134
6688
3442
684
2435
3059
7683
550
3481
212
1263
2915
10
969
546
2863
31
27
945
1738
1753
1147
1337
4298
3855
231
2160
3353
970
1996
7440
311
1347
7750
950
1178
1296
4501
4258
1906
4086
4958
2527
2956
626
349
4188
355
4351
1231
600
2925
9
2407
4537
5089
4810
2096
7807
886
362
79
27
1490
5577
3220
2158
413
2042
182
834
126
4471
2520
1732
4516
5442
6292
823
4295
1866
5263
3805
2626
6283
1177
229
7488
6378
2661
3115
1539
3992
1438
43
5839
90
3419
410
641
1263
5112
3144
6324
8
5827
1118
2603
8303
4040
231
3163
1268
2638
594
2646
1190
4728
1152
1281
261
5102
569
99
1841
2565
1087
2822
2091
1298
3201
3758
234
6161
1680
4501
441
261
4390
261
1131
76
1844
561
4614
1233
6836
9256
1114
3801
956
94
1520
511
1638
503
4519
4969
473
2510
2104
6941
4738
1635
4110
2734
62
2729
693
2788
417
2685
1083
1
3671
3111
2930
1634
7068
2159
947
1807
1772
338
515
531
3168
355
523
2495
4386
6441
2132
271
2766
990
2025
8021
2055
9165
6007
4872
5996
328
2431
597
4873
2791
87
5122
1045
537
2739
1460
5248
2303
4708
857
3
140
1314
2561
1946
954
7995
3810
824
3023
1993
1014
158
3818
2243
6757
1537
6004
2654
4668
1691
4353
721
411
599
1283
948
1442
2075
269
5219
832
3242
5828
1024
5695
3507
1397
5232
718
2023
4430
4323
2296
3124
2836
1807
5782
657
2948
992
2920
793
2750
3337
4169
6300
7332
2605
2949
6335
6548
4222
4602
603
3421
807
4
1085
4674
802
504
6135
1846
2094
3124
2155
5630
2036
5129
473
1390
2093
1667
4079
2179
1833
3536
2776
875
4160
3612
4016
509
317
2129
267
3801
697
3275
5898
721
1360
4223
3617
4472
1258
1674
2304
2579
2276
326
8480
377
2
5181
1208
393
3131
7850
1238
844
531
3529
904
760
2684
1496
3
1646
5192
1588
298
1301
2116
8267
6046
228
224
3189
1086
1355
1892
2541
69
3095
2547
957
807
2078
4001
482
6831
932
1148
6616
3018
2986
290
1416
7
134
6853
6085
65
3762
28
2744
4403
197
2866
1361
2796
3281
243
3785
2103
4363
6423
2452
640
30
907
1640
355
7680
1002
4187
2432
5228
7610
2661
6291
2376
3421
3121
3585
4638
268
1429
2535
2
1660
359
820
499
6714
7038
3633
377
457
42
1212
2946
567
3973
1633
3570
699
5425
5303
3513
2351
5173
279
5039
4315
2921
1183
2651
5632
1301
1183
3875
5627
33
5622
3377
6266
332
14
2201
1177
568
3825
2439
5492
3242
2763
9224
8348
166
1427
795
5648
931
3248
1171
1704
1256
916
2362
64
2993
79
465
1410
3749
6610
428
1208
2863
1248
3443
3576
5069
941
1417
4330
1042
187
40
4331
1073
2041
1423
912
1143
221
1441
2785
1719
7601
4698
3439
313
135
2790
77
1381
1658
457
2533
1390
2027
1443
3130
447
2051
357
1202
5511
4871
1195
877
1313
4727
7217
217
6339
1600
281
2972
3114
2495
1869
3600
684
2151
7070
1006
78
576
1947
1676
4439
1111
507
3686
3159
4675
2178
8419
193
6529
1411
2742
7862
11
738
44
4454
225
234
548
4059
1625
2046
3163
5127
643
274
165
679
458
4535
538
1657
2411
4310
712
6760
3111
91
1760
957
5049
8276
1461
1021
394
2396
729
621
198
786
1307
2714
5592
4019
345
2494
3860
3232
3944
143
3309
2176
3541
4045
2208
287
3779
5410
304
37
399
4713
5469
1640
3891
2816
1632
1141
114
49
2903
2886
7289
7034
1792
3851
1329
226
2761
1
879
5895
698
1728
504
1266
1566
8489
4818
2520
1111
932
946
5938
1466
135
163
135
1354
1213
216
321
669
6022
7763
2066
2697
2684
353
51
1441
2357
1907
3123
2873
6866
1728
1197
650
2426
1077
900
4728
1179
4103
6225
4424
6454
2000
5626
2138
8963
123
3209
389
614
8046
4942
5547
692
4787
520
802
2587
1372
8686
1745
1325
470
4808
1190
954
3680
76
604
1122
865
444
11
45
779
3419
4394
3811
2923
220
2280
460
600
912
524
582
7
1800
347
510
9588
4567
4388
7237
1345
7496
773
1817
2881
6116
6828
1981
908
484
2058
901
145
2389
743
3840
1936
115
561
2640
4840
477
5606
2068
4908
43
3139
529
450
4937
946
3446
1796
1127
1554
1377
558
2020
3765
1649
11
620
6923
3503
247
4731
692
396
9012
439
1949
390
3180
2460
925
1378
2594
3582
563
5314
3261
2354
418
8436
1283
229
1909
3230
2516
1414
3875
477
4699
2279
1181
6715
7344
92
4702
310
2163
6455
958
1504
417
1472
4897
2402
3750
7481
1977
1545
737
1542
2719
2321
247
1445
3514
4170
4692
3225
25
1502
5566
3180
4166
6259
1306
2715
5812
3543
4370
6312
2820
3187
466
1793
1014
100
726
337
650
658
5581
533
4469
5028
3342
457
104
464
27
2225
2647
2202
4
1282
1389
4
794
539
3477
1372
300
113
7888
3362
4768
1033
1521
2729
4882
872
2507
6757
8845
631
41
643
824
6993
138
613
999
2602
554
1232
2410
2418
2698
1645
888
3446
1220
3691
412
1559
1514
397
7
81
355
1106
2119
4297
2793
4583
665
1799
1559
2900
517
376
2529
3935
2975
4977
2635
2380
3976
2878
1762
4311
5054
1
1074
26
2203
1390
1508
4355
3070
1673
2356
1755
615
834
3817
202
8185
633
4593
3213
783
510
31
2921
4971
1944
521
499
279
752
266
6103
124
1447
2643
480
1587
1137
258
1843
1733
593
2315
3694
1044
2830
375
1797
3458
554
8378
3778
9012
2101
2025
2165
4711
1916
4596
4137
4012
1020
160
809
7536
8643
1647
3148
2086
6491
210
817
8371
620
3201
2591
6946
6659
2372
2001
474
2999
1599
1033
524
176
1286
264
574
1467
1347
479
392
357
4881
6634
1765
712
3566
6282
2972
61
5325
476
248
554
1504
2028
6936
5233
7718
3936
2663
1139
9839
459
6722
5541
78
723
185
193
1775
4138
7483
1993
83
7161
889
4183
4181
3840
28
2259
4427
6313
3643
4658
288
3311
8301
4927
1471
2785
5127
383
6901
2616
390
758
2221
960
6663
4971
306
2348
593
743
814
1177
789
6725
734
6620
1700
3527
380
5579
3579
4033
3846
1504
3865
4869
7639
3
1322
467
316
495
959
3543
33
986
3615
2897
561
201
1212
2824
2930
2379
5666
567
267
2647
2293
449
2567
1005
7939
3978
3002
668
2091
4762
2748
845
133
271
3826
30
77
5869
3907
3755
8549
827
2398
139
7984
3001
2829
169
5750
1337
4007
1366
300
1650
40
6891
5968
5956
1031
974
213
651
2151
314
3689
369
20
5643
1329
2939
1572
1844
499
2985
2621
2352
4383
5334
3297
4745
6970
1266
1310
63
2286
1135
6454
865
1104
8139
1964
64
4065
163
3163
1038
3735
1104
4712
15
1229
441
261
26
863
327
748
56
23
1794
1770
5394
3902
8127
5144
8710
627
3854
1553
521
2708
2089
1806
3895
2798
7567
2932
2297
1908
2052
1040
2527
2673
2709
6658
2340
1490
160
847
164
6665
5262
1503
7960
6544
4844
1434
32
295
4413
6258
5037
1669
539
15
2926
38
116
2108
1223
1346
5497
2027
1257
2704
6312
105
399
458
1522
5131
1418
83
1882
314
4109
1469
1694
72
6820
5404
3614
1553
261
1340
7364
1833
1423
1893
597
483
3375
292
5500
770
3820
1050
2509
1113
1620
2289
3678
422
7278
3436
553
2508
8136
679
3039
34
1143
4717
64
3372
3702
1600
582
5495
5534
593
22
3323
3028
983
1432
1570
1132
636
537
3219
747
3348
4741
4904
3591
1445
2840
8200
705
9269
3841
2187
2077
2420
1163
1127
47
2408
3918
2836
6807
8835
567
5330
837
1845
1960
1813
5015
2249
799
33
3199
553
502
1303
3340
3214
42
986
110
1429
2951
4229
1263
5875
3152
1530
6528
3789
5796
4484
4322
1
4906
102
397
3652
2161
268
6391
4808
5716
8185
1389
1555
1514
2370
7060
1120
3841
7603
4688
1286
852
6615
923
2190
5450
1018
946
3968
303
3523
1549
1096
7521
421
3631
4481
362
3178
670
6332
5894
3220
2757
8501
2287
6597
3554
6288
2442
624
6230
1659
6674
2731
1704
55
639
392
2717
5036
5493
3847
4622
3420
2142
1077
5449
769
328
9034
443
495
70
10
899
4847
3883
339
2910
4558
462
508
2963
4489
2241
430
4648
4188
4000
3214
9
953
3006
1789
5841
6366
3408
1496
1359
2748
177
2019
304
3601
162
1742
2096
3633
226
2495
1208
5716
2625
5821
787
202
5498
6816
1411
1281
1010
434
4029
96
5634
1833
260
741
2142
4616
4188
102
12
406
600
1567
349
1254
144
1473
45
2317
6070
8118
40
2450
374
3043
2363
1560
198
270
84
2441
1333
422
614
7679
880
4460
672
593
2386
3321
249
73
287
6759
2630
1425
704
1598
1121
1559
1443
6010
4958
2497
6624
27
2811
764
2411
2531
607
3119
4608
110
2869
2578
3735
716
2385
834
784
5037
1081
877
1334
4337
58
2461
1875
1168
4664
6342
3
1686
1052
32
2318
4115
4356
2764
213
2085
153
1825
3075
2050
3355
4813
2234
566
933
56
8464
2977
1057
2422
1062
671
1115
1667
5099
145
899
1053
5570
4988
2101
5771
134
3375
481
8907
1314
1516
2851
96
1395
8800
6011
7476
299
5501
