1021148614
1021148617
1021148617
1021148616
1021148614
1021148614
1021148613
1021148614
1021148612
1021148612
1021148612
1021148612
1021148612
1021148611
1021148611
1021148614
1021148611
1021148611
1021148613
1021148602
1021148610
1021148613
1021148614
1021148613
1021148613
1021148614
1021148611
1021148610
1021148609
1021148609
1021148609
1021148609
1021148604
1021148604
1021148604
1021148607
1021148609
1021148610
1021148610
1021148611
1021148611
1021148608
1021148608
1021148610
1021148608
1021148605
1021148620
1021148618
1021148623
1021148625
1021148627
1021148627
1021148629
1021148644
1021148655
1021148650
1021148653
1021148651
1021148646
1021148646
1021148644
1021148646
1021148646
1021148653
1021148653
1021148656
1021148655
1021148651
1021148649
1021148649
1021148649
1021148649
1021148649
1021148649
1021148650
1021148649
1021148650
1021148650
1021148650
1021148654
1021148647
1021148644
1021148646
1021148650
1021148650
1021148654
1021148654
1021148653
1021148653
1021148650
1021148650
1021148650
1021148650
1021148650
1021148652
1021148666
1021148666
1021148667
1021148664
1021148665
1021148665
1021148662
1021148662
1021148663
1021148665
1021148665
1021148657
1021148657
1021148660
1021148661
1021148659
1021148657
1021148657
1021148649
1021148649
1021148650
1021148649
1021148650
1021148651
1021148650
1021148640
1021148638
1021148638
1021148641
1021148643
1021148630
1021148637
1021148636
1021148631
1021148642
1021148642
1021148641
1021148641
1021148642
1021148642
1021148643
1021148643
1021148645
1021148648
1021148647
1021148651
1021148650
1021148651
1021148651
1021148651
1021148652
1021148652
1021148652
1021148646
1021148635
1021148637
1021148636
1021148636
1021148636
1021148634
1021148634
1021148631
1021148629
1021148627
1021148627
1021148627
1021148626
1021148626
1021148626
1021148634
1021148636
1021148637
1021148639
1021148639
1021148644
1021148642
1021148643
1021148643
1021148649
1021148649
1021148646
1021148650
1021148658
1021148640
1021148637
1021148639
1021148660
1021148660
1021148660
1021148660
1021148660
1021148658
1021148658
1021148658
1021148659
1021148659
1021148635
1021148635
1021148632
1021148632
1021148632
1021148633
1021148620
1021148630
1021148631
1021148650
1021148648
1021148648
1021148651
1021148649
1021148647
1021148649
1021148648
1021148648
1021148647
1021148647
1021148647
1021148649
1021148649
1021148655
1021148655
1021148656
1021148654
1021148653
1021148656
1021148656
1021148656
1021148653
1021148657
1021148663
1021148662
1021148662
1021148664
1021148667
1021148667
1021148668
1021148666
1021148662
1021148663
1021148661
1021148661
1021148676
1021148674
1021148674
1021148677
1021148686
1021148690
1021148697
1021148697
1021148698
1021148696
1021148696
1021148698
1021148698
1021148696
1021148696
1021148695
1021148694
1021148685
1021148691
1021148691
1021148691
1021148692
1021148692
1021148694
1021148691
1021148694
1021148694
1021148697
1021148699
1021148699
1021148701
1021148700
1021148699
1021148699
1021148699
1021148696
1021148696
1021148696
1021148695
1021148696
1021148712
1021148712
1021148710
1021148719
1021148720
1021148720
1021148724
1021148709
1021148709
1021148709
1021148709
1021148709
1021148707
1021148707
1021148707
1021148710
1021148711
1021148712
1021148707
1021148702
1021148702
1021148702
1021148703
1021148703
1021148704
1021148704
1021148705
1021148699
1021148693
1021148697
1021148697
1021148698
1021148699
1021148698
1021148693
1021148693
1021148692
1021148703
1021148703
1021148702
1021148699
1021148701
1021148701
1021148688
1021148688
1021148688
1021148688
1021148690
1021148691
1021148691
1021148691
1021148684
1021148684
1021148686
1021148686
1021148685
1021148685
1021148685
1021148682
1021148682
1021148683
1021148685
1021148677
1021148677
1021148677
1021148669
1021148668
1021148667
1021148669
1021148668
1021148672
1021148676
1021148676
1021148673
1021148673
1021148680
1021148681
1021148659
1021148659
1021148659
1021148659
1021148658
1021148662
1021148662
1021148663
1021148662
1021148668
1021148668
1021148670
1021148674
1021148674
1021148671
1021148667
1021148666
1021148665
1021148679
1021148678
1021148680
1021148675
1021148674
1021148647
1021148651
1021148645
1021148645
1021148645
1021148648
1021148645
1021148645
1021148646
1021148645
1021148648
1021148649
1021148648
1021148645
1021148644
1021148644
1021148641
1021148640
1021148640
1021148638
1021148638
1021148639
1021148643
1021148643
1021148642
1021148640
1021148640
1021148642
1021148641
1021148644
1021148647
1021148651
1021148651
1021148649
1021148649
1021148648
1021148648
1021148651
1021148656
1021148656
1021148656
1021148658
1021148660
1021148660
1021148658
1021148658
1021148656
1021148656
1021148656
1021148650
1021148650
1021148651
1021148657
1021148656
1021148657
1021148657
1021148655
1021148654
1021148653
1021148660
1021148661
1021148669
1021148669
1021148674
1021148681
1021148678
1021148677
1021148679
1021148677
1021148677
1021148675
1021148680
1021148679
1021148680
1021148680
1021148680
1021148679
1021148678
1021148681
1021148680
1021148680
1021148683
1021148684
1021148684
1021148684
1021148684
1021148684
1021148687
1021148683
1021148683
1021148678
1021148678
1021148678
1021148678
1021148674
1021148676
1021148679
1021148678
1021148676
1021148676
1021148676
1021148675
1021148679
1021148683
1021148684
1021148684
1021148682
1021148681
1021148683
1021148691
1021148690
1021148691
1021148694
1021148693
1021148696
1021148697
1021148702
1021148710
1021148709
1021148709
1021148708
1021148708
1021148708
1021148707
1021148705
1021148705
1021148704
1021148706
1021148709
1021148708
1021148718
1021148718
1021148719
1021148719
1021148718
1021148722
1021148722
1021148722
1021148723
1021148723
1021148723
1021148722
1021148729
1021148738
1021148738
1021148744
1021148745
1021148746
1021148746
1021148740
1021148742
1021148740
1021148731
1021148735
1021148736
1021148737
1021148737
1021148735
1021148739
1021148743
1021148743
1021148744
1021148741
1021148743
1021148745
1021148745
1021148746
1021148746
1021148749
1021148776
1021148775
1021148775
1021148772
1021148776
1021148777
1021148778
1021148778
1021148774
1021148774
1021148774
1021148774
1021148780
1021148780
1021148784
1021148785
1021148781
1021148781
1021148779
1021148780
1021148786
1021148786
1021148787
1021148786
1021148786
1021148786
1021148785
1021148791
1021148792
1021148790
1021148791
1021148791
1021148791
1021148791
1021148791
1021148790
1021148787
1021148787
1021148786
1021148786
1021148787
1021148787
1021148787
1021148785
1021148780
1021148780
1021148780
1021148789
1021148797
1021148797
1021148797
1021148794
1021148796
1021148796
1021148796
1021148791
1021148793
1021148799
1021148799
1021148792
1021148792
1021148790
1021148789
1021148788
1021148785
1021148785
1021148787
1021148787
1021148788
1021148791
1021148793
1021148790
1021148790
1021148792
1021148794
1021148794
1021148794
1021148792
1021148791
1021148791
1021148791
1021148790
1021148790
1021148786
1021148788
1021148788
1021148788
1021148787
1021148782
1021148781
1021148781
1021148781
1021148788
1021148789
1021148776
1021148773
1021148773
1021148779
1021148779
1021148779
1021148779
1021148779
1021148775
1021148775
1021148775
1021148780
1021148781
1021148780
1021148781
1021148781
1021148781
1021148781
1021148784
1021148788
1021148785
1021148786
1021148787
1021148786
1021148786
1021148787
1021148787
1021148783
1021148807
1021148799
1021148799
1021148799
1021148802
1021148802
1021148803
1021148805
1021148805
1021148805
1021148805
1021148805
1021148808
1021148807
1021148810
1021148811
1021148811
1021148810
1021148823
1021148822
1021148824
1021148824
1021148824
1021148826
1021148783
1021148783
1021148779
1021148764
1021148754
1021148756
1021148754
1021148754
1021148757
1021148757
1021148724
1021148725
1021148725
1021148727
1021148725
1021148724
1021148724
1021148742
