7152000
6669000
7008000
7524000
7950000
7914000
8073000
8781000
7722000
8484000
7896000
7713000
7410000
5631000
8799000
8409000
6177000
6210000
4821000
6036000
7122000
7266000
5355000
6975000
7113000
7761000
8727000
6381000
8490000
6846000
8778000
8019000
7011000
6813000
8061000
8688000
7254000
7104000
7698000
8253000
8427000
8172000
6636000
7956000
5265000
8820000
5031000
6783000
8322000
7383000
6615000
7698000
7806000
6294000
7524000
8271000
8097000
5142000
8598000
4860000
7323000
6096000
8316000
8028000
8130000
7299000
7509000
7761000
6951000
7875000
8616000
8199000
5943000
8190000
5148000
7980000
8391000
7857000
8541000
7668000
7467000
6708000
7950000
8421000
8295000
8745000
8964000
5232000
8319000
8580000
7347000
7689000
8175000
8637000
8577000
8913000
6708000
7716000
5967000
8787000
7215000
7332000
4842000
7821000
8457000
8067000
7893000
6249000
6975000
6552000
4530000
6825000
7935000
5583000
8865000
6993000
7608000
7479000
7068000
7167000
6516000
8103000
8241000
7980000
8067000
5406000
8193000
8637000
5211000
4881000
7434000
8127000
8154000
8775000
7875000
8892000
7644000
7350000
8787000
8922000
5793000
8685000
6492000
8946000
6303000
5880000
5442000
6288000
6222000
7023000
8055000
7131000
6324000
7338000
7257000
6339000
8484000
8973000
7011000
7974000
6906000
8142000
5235000
8460000
8166000
6567000
5823000
8316000
6453000
7026000
6675000
8193000
7191000
7110000
8124000
8019000
7158000
6900000
7080000
6861000
5430000
7230000
8373000
6543000
6804000
8988000
5310000
8181000
8553000
8583000
8655000
8385000
7866000
7515000
6117000
6780000
8835000
8394000
5937000
8607000
7416000
8619000
8877000
8892000
8256000
8091000
8601000
8265000
5241000
7896000
7500000
6609000
6750000
5901000
7911000
6324000
5625000
8544000
8436000
6813000
7692000
7245000
7383000
5919000
8850000
7332000
8094000
8871000
8994000
7212000
8046000
7617000
5547000
8598000
6924000
6384000
7488000
8895000
6858000
7008000
8469000
8286000
6870000
6036000
8388000
8568000
8490000
8049000
7626000
5481000
8874000
8649000
6717000
8757000
6573000
8991000
8298000
7881000
7575000
7158000
6618000
7161000
8700000
8985000
7659000
7413000
8841000
7059000
8847000
7782000
8574000
6939000
7935000
7464000
7239000
5910000
8433000
7077000
7302000
6039000
7701000
8313000
7749000
7182000
6714000
6618000
5349000
8838000
7626000
8622000
6870000
7437000
8274000
7587000
6303000
7857000
7167000
8301000
8529000
7482000
5190000
8520000
7293000
8385000
6522000
4707000
8049000
8376000
6348000
7437000
7527000
8844000
8307000
7614000
8838000
8706000
5757000
6009000
8307000
7215000
7986000
8937000
8913000
8439000
6945000
8715000
7551000
6624000
5574000
7500000
8853000
8292000
6318000
6150000
6867000
5805000
7875000
5868000
7233000
8757000
8418000
8469000
8154000
8721000
7782000
7542000
7632000
5445000
8463000
6714000
8760000
8199000
8949000
5295000
8076000
5832000
5016000
8778000
8946000
8349000
8892000
8577000
8715000
7986000
8058000
6222000
8556000
8250000
8607000
6021000
8415000
6363000
6099000
6711000
6057000
6405000
6111000
5313000
7974000
8412000
8037000
8955000
8484000
8880000
6852000
8493000
7959000
8910000
8145000
7434000
8775000
7695000
6699000
5865000
7542000
6837000
5523000
6789000
8877000
6975000
6819000
6465000
5466000
6759000
6672000
6657000
6897000
8802000
5880000
6582000
8394000
8748000
8097000
8976000
8697000
6516000
8433000
7482000
8952000
8673000
9000000
5841000
6246000
6033000
8799000
8331000
6696000
8634000
6846000
8553000
7230000
5607000
6561000
7518000
7191000
8163000
5949000
7464000
6891000
8169000
6324000
8109000
6546000
7755000
8127000
7788000
5889000
8331000
8538000
5073000
5799000
8937000
8583000
8049000
6945000
6858000
7752000
7431000
6540000
8679000
8520000
7578000
7920000
7857000
6216000
7254000
6933000
6678000
6555000
5562000
6834000
7053000
7029000
8622000
8193000
7047000
7416000
7806000
7170000
7734000
8931000
8403000
6264000
6669000
7701000
6144000
7077000
5106000
8415000
5418000
7287000
8865000
8076000
6837000
5019000
7665000
6003000
8151000
8619000
7149000
8082000
7998000
7266000
6129000
7065000
8289000
8151000
6450000
7554000
7200000
8481000
8955000
7095000
6792000
7476000
7614000
5580000
8616000
6039000
7977000
8913000
7998000
7449000
8751000
5664000
7482000
8004000
7533000
6099000
8688000
8040000
4764000
8910000
8490000
8283000
6558000
7398000
5661000
8883000
7395000
5544000
8373000
5673000
7107000
6795000
7647000
5634000
6597000
8850000
8535000
6471000
6201000
8142000
8487000
6969000
6546000
8973000
6972000
8865000
8775000
7875000
8760000
6468000
7410000
8931000
7152000
6402000
8871000
7428000
8967000
5904000
8190000
5709000
8994000
6624000
8352000
7869000
7584000
8874000
6189000
8802000
7491000
8577000
8181000
7821000
7458000
6918000
5913000
8520000
7728000
8160000
7077000
8970000
8181000
6423000
8127000
7674000
4707000
5340000
6930000
7827000
5190000
8004000
8490000
8460000
8700000
6267000
6465000
7293000
8910000
8910000
7992000
8163000
5718000
7056000
7608000
8229000
7548000
5748000
8442000
5967000
7164000
6834000
6681000
7443000
6735000
8583000
6780000
7941000
8139000
8118000
8400000
6798000
7308000
8562000
7353000
6594000
7689000
7833000
8883000
8736000
7674000
7791000
8679000
7818000
7740000
7416000
7659000
8103000
8649000
5700000
7842000
7281000
8847000
6111000
8724000
4995000
5766000
7560000
8985000
7689000
8802000
6939000
5949000
6498000
7176000
8238000
7734000
6516000
7710000
8406000
4959000
7980000
6771000
8727000
7701000
5637000
8412000
8001000
8442000
7890000
7296000
8655000
7920000
7689000
7230000
8820000
7542000
8229000
5415000
6951000
8325000
7623000
7737000
8322000
8178000
7071000
7419000
7020000
6336000
7191000
8478000
7020000
7035000
8010000
5199000
8274000
6420000
7953000
8631000
8973000
8862000
7206000
8679000
8814000
8931000
8406000
5751000
7830000
7323000
8820000
6795000
8622000
7572000
6756000
8256000
8115000
6042000
8094000
7227000
7224000
6396000
8760000
6207000
7587000
8460000
7746000
8307000
7083000
7932000
7185000
6963000
7542000
8259000
7392000
6915000
7485000
8802000
6297000
7419000
6441000
6756000
8184000
8742000
8523000
8703000
7662000
6204000
8856000
6324000
8538000
8586000
8991000
6978000
5394000
7902000
8655000
7857000
8445000
5709000
8013000
5061000
7905000
8052000
8328000
8298000
8793000
8679000
7890000
5259000
7548000
5502000
7287000
8544000
8922000
5814000
8292000
8700000
7752000
5949000
7368000
8040000
7305000
6618000
8598000
8727000
6189000
6942000
7704000
6570000
8610000
7791000
8955000
7149000
7647000
5151000
7032000
6564000
8946000
8736000
8640000
6882000
7887000
5595000
8829000
8613000
8511000
8436000
7548000
8298000
6873000
5082000
6360000
7485000
5565000
4854000
8031000
8256000
8856000
7605000
6507000
8442000
8934000
7395000
6693000
5679000
8784000
8223000
7764000
8829000
5382000
7140000
7116000
7887000
7605000
8652000
8094000
8799000
8025000
4701000
8604000
8850000
8073000
6444000
7890000
7008000
8580000
6768000
8301000
6078000
7962000
8844000
5874000
5952000
8166000
6522000
8385000
6816000
8490000
8319000
7692000
6666000
6351000
5331000
8124000
7467000
7662000
7827000
6315000
5406000
7131000
5973000
8664000
6765000
8829000
8472000
7191000
8160000
6630000
8244000
8565000
8280000
8157000
7206000
8487000
8877000
8700000
6735000
7986000
8787000
7812000
8040000
8829000
8964000
8424000
8280000
7578000
8526000
5730000
7683000
6081000
6189000
7266000
7863000
7203000
6504000
8502000
7377000
8619000
7896000
7293000
7662000
7125000
7185000
8706000
5970000
8781000
6804000
8100000
9000000
7629000
7386000
5949000
5493000
7710000
8583000
7590000
7824000
6843000
7602000
6771000
7350000
7458000
8367000
8580000
7059000
6051000
8085000
8574000
8811000
6963000
7617000
8574000
8793000
8898000
6927000
8343000
7935000
8355000
5739000
8778000
5208000
7647000
5961000
8523000
8847000
8871000
7965000
8619000
7287000
6267000
7272000
8394000
6918000
8985000
8154000
6393000
8955000
7749000
7062000
6828000
8292000
6879000
8526000
8931000
6837000
7710000
7233000
8373000
8868000
8751000
6657000
8949000
7875000
6297000
8025000
8205000
7701000
8517000
6501000
7392000
9000000
6909000
6783000
7704000
7542000
6027000
6834000
6411000
8889000
8841000
8364000
6291000
7623000
6288000
7896000
8409000
7893000
7578000
7659000
8031000
6198000
7311000
8595000
