4994
4994
4667
4994
4920
4994
4994
4107
4994
4994
4994
4994
4994
1308
4253
4994
1496
1670
4994
4994
2243
3929
4994
4994
4954
2982
4994
3597
2981
1553
4994
1387
4994
2716
4994
4033
4994
4994
2098
4994
3426
4994
4994
4328
4994
4994
2901
4994
1966
2337
1808
4994
4994
1568
4994
4994
4994
4994
232
4994
4315
4507
3931
3460
4994
4994
4994
3231
4994
3724
4994
3362
4994
4994
4994
4994
4292
4254
2650
4144
3460
4166
3256
4994
2523
4994
4994
4754
4418
4805
2932
4994
3879
4994
4994
4994
4575
1245
4994
2113
1132
4994
4994
4994
4322
4994
4552
3502
4994
4994
4994
3583
2082
4994
4502
2512
2101
4994
3853
4460
3777
4994
4994
4994
4994
4994
1720
4356
4614
4994
4994
4994
4994
4637
4994
4994
4735
1490
4994
4994
4994
4994
4253
4494
4994
4324
4994
4799
4212
4994
4994
4994
4762
4994
2519
4994
4080
3703
4994
4897
2405
4694
2903
3622
4994
4994
728
4994
4994
4429
4994
4994
692
4764
4994
1239
1759
4994
1147
1915
2387
4994
33
4994
483
4994
4958
4994
4994
4994
4645
2725
4994
4994
3503
4994
3627
524
4693
3919
4994
1366
3735
4673
3554
4419
4994
4112
3071
1250
2317
3948
4994
1583
4994
4994
4441
4994
4994
4994
4994
4282
4994
4188
4994
524
4994
4994
4572
4162
3961
4994
3217
3259
4994
4994
4728
4994
4994
3140
4655
4397
4467
3702
4994
4796
3382
3467
4994
4810
4994
4994
1823
4994
4994
828
4994
4572
4994
4994
2967
4994
4994
3555
4994
4994
4994
4994
4236
4467
4994
4994
4994
4994
3504
4994
4994
4291
4926
4699
3007
4994
2290
4994
3781
4072
4608
3965
4994
4994
4722
4994
4935
4994
4683
628
2194
4994
4060
1700
3706
3592
2377
1421
4994
4480
4994
4994
4994
4994
3993
4994
4994
2822
4994
4994
4994
4994
3239
4994
4994
4727
2708
2115
4994
4994
4994
4994
3854
4994
4697
4994
4994
4994
4994
4655
4994
4994
4017
2162
4994
838
4757
3858
2725
4488
4994
2812
3617
2943
4994
4994
2812
4994
2552
3383
4325
2772
2920
3375
4994
3571
4492
2320
4994
4994
4994
4994
2931
4994
1666
2222
4994
2329
4932
4757
3300
4994
1078
4891
4994
4994
3321
4994
4994
4994
4994
1998
4886
2367
2906
4352
4994
4994
4994
4994
3516
4994
4994
3201
3698
2158
4994
4994
4994
4994
4994
4994
3015
4994
4994
4921
1382
4994
4714
4994
4994
2084
4994
4994
4394
3162
4994
3694
4994
4994
3751
1459
4994
4994
2729
4994
4843
1211
4994
4994
1516
4136
1592
4994
4596
4994
3877
4994
4994
4505
3530
4994
4994
4994
4994
4958
1036
4994
1747
2857
4994
4236
2563
4994
4994
2405
4994
1471
4994
4994
4407
4994
1879
4994
4994
4994
3622
2383
4994
1027
1181
2993
3771
4994
3217
4994
4994
1012
3145
4994
4994
4994
1625
4727
4994
1947
4994
4994
991
1667
4994
4994
4994
4994
4994
4994
4994
4202
4994
3401
2589
3458
4994
4994
4994
4729
4913
4994
2689
2801
4994
4994
4722
4994
2987
4994
4994
4316
2778
4994
4994
4994
4568
4994
4541
4994
4994
4994
2050
2943
4346
4994
4994
4994
3785
4424
3366
4573
4910
4429
3895
4994
4994
4964
4615
4994
4101
4994
4994
4994
4296
3585
4994
4994
4994
4994
4994
2321
4994
2216
4994
4323
4994
4994
1489
4343
4994
4994
4994
4994
4994
4994
4926
4994
3228
3646
4994
4853
4994
2420
3227
4994
4994
2627
2255
4777
4994
712
4994
3602
4994
2652
4994
4994
4994
4994
4994
4994
2151
4593
4994
4994
4994
4631
4338
4994
1763
4994
2274
4994
2900
4994
2894
4994
4994
4994
2325
4994
4994
4994
4994
4994
4994
4994
4994
2193
4762
2213
3378
4994
1229
4994
2709
3151
4994
2774
4994
4994
4994
4994
4736
4994
4994
4994
4994
4994
4994
4994
2875
4994
4994
4994
4877
2569
4994
2928
4679
4994
4994
4994
4994
4651
3455
1514
4994
4994
4994
4994
3128
2315
3204
4994
4994
2763
4994
2857
4994
4994
4994
4994
4658
4983
2460
4994
3666
3773
4897
3562
3375
4994
4994
2602
4849
4994
3749
4810
4958
4994
3103
4994
3759
2377
4165
1892
4728
4017
4994
4994
4994
3010
4253
4093
4359
3536
4994
971
4954
4178
4994
4994
2025
2658
3485
4240
4803
4994
4994
4994
2286
4928
3112
4193
4994
4124
4994
4994
4994
4994
1903
4913
4994
4994
4994
4994
4994
4994
4430
1663
1657
4994
4994
4459
3739
4994
4994
4597
4994
2501
620
4994
4412
4994
4991
4463
4805
4994
4506
3398
4994
4994
4994
1703
3297
4994
4994
3903
4994
4994
4994
4697
4994
4994
4364
4994
3409
4565
3931
4994
2398
4994
4994
2479
1761
4004
4994
4765
3967
4994
4994
4994
4171
4040
4932
4055
4994
3147
4994
4013
4994
2327
4729
4948
1183
4994
4884
4994
4994
4994
4994
4994
1405
1668
4994
4994
4994
4994
4994
1760
1374
2308
4891
2214
3385
3232
4994
4958
4994
4693
3676
3402
4988
4994
2908
4994
4994
3172
4994
1303
4914
1308
4994
1338
1315
4994
4994
4994
4994
3444
4994
3788
1882
2278
4260
1572
4994
4994
4194
4640
4914
4994
4391
4994
903
4994
1068
2405
2203
4994
4994
4777
4994
4704
4175
4994
2528
4994
4994
4994
4994
4994
4994
4994
4994
4180
4994
4807
4994
4994
4994
4994
4628
4709
4233
4994
4994
3323
4994
4994
4410
2716
3781
4994
4994
4994
4994
4994
2417
4994
4994
4753
4469
4994
4994
4418
4994
4994
4919
4583
4490
4804
4994
4554
4026
2202
4994
4994
4994
2502
1168
4994
4994
4994
2447
4994
4994
3875
3669
3394
4994
2221
4994
4994
1698
1788
4208
4805
3120
4994
4994
2796
4994
4994
3005
4576
4984
4994
4994
4994
2186
4994
4994
4139
4485
4994
4994
4994
4994
4994
3145
4994
3936
4994
4764
4994
4891
4994
4994
4994
2603
4994
4994
4251
2937
4994
3797
3762
4994
3160
4742
228
3676
4983
3199
4073
2459
4994
594
4994
4994
4994
4994
4994
4994
4994
4994
4888
4994
4994
3933
4994
3531
4841
4645
4994
3649
4994
4994
4994
4974
3738
4994
4994
1639
4994
4994
2555
4384
2222
4994
4994
4994
4994
4994
1053
4994
4814
4994
4994
4994
4722
2205
4708
4994
4994
4928
3884
4994
3232
4305
4644
4654
4994
3519
4994
4994
4467
3528
4994
2668
2338
4994
4113
4994
4994
4994
4994
4994
4994
4994
4955
2390
3095
4994
4994
4994
3564
4864
4994
3535
4994
4994
4178
3145
4994
4994
4994
4994
2409
4415
4610
4366
4333
4994
4988
4994
3656
4994
4994
4994
894
4994
4994
3119
3584
4994
3308
2982
4994
4260
4541
4994
4994
3516
3299
1016
4628
4994
4994
4994
4994
4994
4994
4994
4994
4994
4994
3256
4994
4802
4082
3211
4994
3879
2405
4994
4728
1089
4994
4562
4994
4994
3558
2288
4994
2155
4994
4329
2042
4994
931
4994
4994
4994
1833
4994
4994
4994
4994
4994
4594
415
4994
2111
4994
3076
4994
1865
4994
3445
4994
4069
2708
1661
2944
2621
4994
3677
4994
4994
2147
4994
4994
4994
3846
2248
4762
4994
2068
4994
4944
4494
4994
4303
4994
3738
4994
678
4608
4994
4101
499
3528
3327
3899
3678
4994
2749
4953
4492
4994
3607
4994
4994
3908
4994
4994
4994
4887
2574
4994
4994
4150
4994
4994
4805
4994
2837
3375
4994
4994
4994
1304
1010
4994
4801
3348
4994
4994
4994
4994
1611
2972
1181
4994
2656
4994
2918
4994
797
4994
4994
4994
4994
4994
4163
4994
4863
4994
4994
4994
4690
2383
3870
4994
4994
4183
4994
1817
4994
4994
1402
4994
4994
4910
3805
4839
2524
4994
3745
4868
2831
4994
2947
4994
4994
3183
4994
4994
4994
4994
4994
2978
4994
4271
4430
230
4994
4994
4994
4216
2980
4820
2630
4994
4994
4994
3034
3519
4994
4994
2415
4994
4994
3562
1553
1588
4994
4994
4994
4994
3873
4074
1957
1624
4994
3762
3256
4994
3630
4029
3806
2976
4135
4994
3359
4994
4994
4994
4994
2385
4759
4994
4994
3271
2186
2934
3539
4994
4502
4994
4394
4994
4835
2711
4160
2570
4994
4835
4313
3858
4994
4994
4236
4765
4994
4994
4728
3683
4994
4994
4994
4994
1721
4988
3936
2833
4994
1709
4418
2784
4994
4994
4202
4502
4064
4631
2925
4994
4061
3130
3943
4994
4994
4994
4694
4994
4994
1678
705
4994
4223
4994
3154
4994
4994
4994
4994
4994
2846
3601
4994
1445
4994
1976
4994
4994
3286
4994
4584
2812
4994
3324
2548
4994
3829
4994
3137
1863
2229
4994
4994
4994
4994
3266
4994
4622
4994
4994
2952
2256
4994
4659
1562
4095
4994
4994
4994
4994
4994
4994
4994
4994
4994
3419
3243
3866
4084
3309
4224
4994
4994
4785
4994
4445
4994
4523
4994
4323
729
4994
1927
4994
2352
4994
4583
4994
2127
4994
1491
3760
4994
4994
3903
4994
4994
4412
4293
3860
4994
4994
3266
4994
4994
4994
1928
4994
4619
4435
4994
4994
4994
4796
2248
4299
4229
4994
4469
2097
4994
4454
1451
3312
3494
4994
4994
3936
2365
4994
2722
4994
2695
4859
4994
4994
2686
4994
4781
4389
4125
4994
2912
4994
4296
4994
4994
2676
4994
4994
4994
2231
4994
4994
2917
4994
4994
2471
4011
4994
4994
4888
4253
4994
4051
192
1849
3127
4994
4994
3072
4994
4994
4994
4994
2735
4994
4994
445
4994
4769
4666
4730
4994
3790
630
4994
4994
4994
2205
4594
4994
2059
4509
4994
4994
3106
4994
4994
2474
4994
4994
4994
4994
4163
4202
4994
4994
4305
4994
4777
4994
4994
4994
1127
2091
533
4303
3552
4994
4731
4994
4994
4994
4296
4994
4591
4649
4994
4994
3369
3972
4994
4994
4994
2101
2978
4994
4994
4994
4093
4994
4994
4994
4994
2375
4676
1664
4994
4994
4994
4994
4994
4533
1249
4994
4964
4501
4594
4994
4994
3880
4994
4994
4172
3679
3056
4994
3523
4994
4994
3917
3199
4614
4994
4994
4994
4994
4994
3268
4994
2226
4994
4619
4994
4994
4994
3541
4994
4994
4994
4330
4994
3617
4053
4994
4261
3779
4994
4994
4994
4994
4962
4994
4994
4994
4994
4994
4994
4994
4994
4994
3805
4994
4994
4994
2509
4994
4994
4994
4865
4994
4924
4635
4994
4994
4298
2962
4806
2550
4994
4994
2411
4994
4994
4994
4994
4994
2156
4994
4994
3544
4994
4994
2847
4994
2942
4994
3475
1103
4994
4994
4994
4994
4478
4994
4994
4994
3600
4994
4994
2178
4473
4994
4994
4994
1971
4994
4213
4051
4994
2901
2396
4994
4994
4994
4205
4994
1861
1278
4994
4824
4994
3954
3824
4932
4921
2594
4994
3656
4994
4720
3313
4581
4994
4994
4994
4994
3164
4994
1953
2987
4994
4994
4994
4994
4994
4824
4994
1466
3068
3830
4594
3071
3828
4994
4994
4994
4994
3678
4994
1518
4994
656
3777
4994
4994
4994
4994
4994
4994
4994
4994
1598
4994
4994
4628
3962
1956
3723
4994
1948
3997
3553
2351
4994
4994
4258
3588
3793
3607
2622
4994
3626
4994
4994
4994
4994
4994
4994
2045
4994
4994
4994
3719
3353
4551
4994
2495
4994
4964
4403
4172
4845
4759
4994
4994
1376
4533
4994
4994
1414
4994
4994
3571
4994
4766
4994
4454
4548
4676
4994
4994
4994
3389
4994
4994
4994
3616
4994
4233
3293
4125
4994
2188
4994
4994
4336
4994
1247
4994
3272
3472
4994
1712
4994
666
4994
4994
4994
4994
4994
4994
1692
4994
4994
4994
2579
4994
4994
4994
4994
3404
4033
4871
1915
4738
2344
4020
4994
4093
4994
4994
4994
4994
3574
4994
4994
4994
4994
4994
3214
2408
4994
4994
4994
4822
2155
1043
4994
4994
4994
4994
4994
4994
3584
3001
4994
4994
3196
2197
2638
4994
3592
4236
4994
4694
4994
4994
4994
1079
655
4994
2762
4726
4172
4994
2288
2094
4994
4994
4994
2650
4038
4994
2772
4994
3337
1886
2705
3457
3959
4994
4994
4994
3868
4994
4994
3643
4025
2245
4994
4994
4655
4608
4943
4702
2925
4994
4994
3924
4994
4106
4994
4994
4994
4994
4674
4994
3702
1468
4726
1862
4628
4983
3839
4994
3052
4631
4874
4994
4278
4034
4994
4994
4994
3818
2240
4994
4994
4994
3816
2605
4363
4994
4346
4994
1191
4994
4994
627
4994
1943
4994
3561
2117
4994
4785
4994
4224
4994
4994
4438
4302
4994
4994
4628
1275
2436
4367
3312
4994
3401
4994
4994
4994
4994
4994
1131
4994
4994
4994
4994
4994
4994
4994
4994
4994
1021
2698
2512
2344
4994
4704
4994
4994
4772
3714
4994
2496
4994
4994
4994
4994
1044
4994
3246
4994
4994
4994
3917
4994
4994
3190
4994
4579
4837
4994
4994
4253
4115
937
4183
4994
2773
2923
4994
2179
4994
2783
4994
3143
3742
4994
4994
4677
4994
4994
4727
4994
4994
1519
4994
4994
1610
4426
4994
1892
4994
4994
3902
4994
4926
1625
4543
4706
4994
4994
4994
4994
4863
1714
1715
4582
4994
3558
2790
4994
4994
2641
4994
4258
4994
4994
4994
4897
4994
4994
1855
4994
3742
4451
2718
4440
4994
3406
4346
1797
4994
4994
3438
1701
3515
4994
4994
3341
3874
4994
4994
4994
4994
3978
4874
2950
4994
1696
4457
4994
4994
4994
3149
1362
3353
4994
4994
4994
4628
4640
3132
4994
3317
3035
4994
2346
4994
1953
4994
4908
4994
4661
4994
2538
4920
4994
4994
4994
4994
4994
1563
3234
4994
4994
934
4994
4064
4465
4994
4676
4994
4813
4994
4994
3470
4994
2777
4994
4957
4655
4994
4994
4994
4110
4994
4994
4994
4994
4994
3771
4994
789
4994
4994
4994
4994
4994
4994
4994
4334
2091
4994
3851
2653
4266
4994
4990
4994
1325
4994
4994
4994
4721
3766
4406
2245
4994
2067
2258
2503
4994
4994
4332
2043
4994
4994
4407
4994
1314
3802
2894
4994
3532
4994
4994
4994
4994
4994
4994
1416
4994
4994
4994
2608
2168
3978
4630
4994
1713
4994
1773
4994
4994
2383
4994
4994
4994
3422
4994
4994
4994
4994
4298
4994
3854
4994
4994
3327
3738
4994
3357
2480
4994
4635
4994
4994
4994
2229
4994
4994
2552
2220
2665
4994
4994
4994
4994
4994
3524
4994
592
4994
4994
1526
3545
4219
3579
4994
3055
2791
4994
4059
4994
4994
4994
3490
4994
4994
1661
2432
4994
3164
4205
1878
2620
4994
4249
4994
4857
4994
966
2921
4994
4373
4994
4994
4994
4994
1329
4737
4983
4994
343
4570
4994
3727
4628
3157
4994
4994
4994
4741
3812
4994
2990
4994
4994
4994
4994
2612
4994
4842
2330
4073
4994
4531
3477
4131
2432
4994
4994
4994
3538
4994
4994
4994
4994
4994
4313
1616
4994
4994
2690
4994
3128
4994
4994
4994
4994
4485
4994
4994
1650
4994
4994
1680
4994
1096
4994
4994
4994
2101
1030
4318
2555
3691
4994
4994
4814
995
4994
4994
310
4737
4772
4994
4994
3981
1324
4217
1792
4994
3523
4994
2591
4994
4994
2882
4994
3655
4994
4994
4287
2746
4994
4006
4994
4994
2023
4839
4994
4590
4034
415
4138
4994
1861
4994
4994
4994
3524
761
4994
2619
4994
4994
2170
4112
4994
4489
4580
4994
4994
3796
4994
4476
4994
4172
2788
4994
4013
4092
4994
4000
4033
3630
4994
4994
2387
2161
4379
4994
4338
4994
4994
4994
4994
3123
732
579
4518
2503
2669
4994
4994
4994
2560
2766
4994
2813
2656
4994
4932
4994
4994
2625
3020
2151
4994
4720
2856
4994
4994
4994
4799
4038
1880
4305
4594
4074
4994
4322
3312
4084
4994
4994
4736
3067
4874
4523
2574
4994
4994
4820
2041
1550
3037
3755
4994
756
3394
4994
4994
4994
4098
4994
2909
3662
3559
4994
4994
4940
4060
4994
4994
4994
3862
4994
887
4994
4994
4994
4188
4704
4994
3378
2644
1544
3721
4095
4544
3014
1871
4994
4135
4731
3536
4994
2691
4068
4994
3723
3183
4994
4994
4994
4994
4994
2799
4994
3472
4994
4994
4994
3243
1126
3954
4994
3561
1062
4994
3488
3609
4113
4994
4994
4842
3392
4994
4994
4994
4994
4994
4994
4497
4994
4994
4994
1618
3020
902
4994
4994
4544
4994
4994
4994
4994
4994
4930
3962
4994
4994
2955
4994
3178
4640
3763
4994
4605
1970
4994
4994
2222
3558
4994
4994
4994
4994
3531
4994
4994
2672
4994
2587
4702
3371
4994
4994
3853
1863
4089
4697
4994
4994
4932
3112
3850
4994
3314
4994
4994
4994
4994
1371
4994
800
4795
4994
3671
4994
3766
3320
4531
4994
4994
4151
2068
4994
4711
309
1269
4994
3082
3734
4994
4994
4994
4994
3211
4994
4994
4994
4994
4994
4673
4994
4994
864
4994
3650
4994
4174
1896
4994
4557
4994
4994
4994
4994
4169
3501
4994
2430
4994
4994
4994
4994
4994
2780
4994
4994
3342
4806
4994
4994
4994
4994
2434
4163
4700
2145
4994
4994
2199
4994
4994
3600
2863
4582
4074
4994
4994
3287
4250
4994
2898
4994
4994
4994
2589
3163
2928
3001
4994
4994
4994
4911
4994
4994
2822
4799
4994
4994
4994
4994
3584
4158
4994
4994
4994
4994
1694
1235
4994
4994
4994
4994
4994
3887
3845
4994
4994
2667
4994
4994
2560
2538
3505
4397
2831
4994
4837
4994
4994
1749
938
4994
3858
1524
1207
4916
3755
4932
4994
2811
3457
4994
4994
849
4994
4994
4994
1987
1314
1002
4908
4994
4994
4994
3707
4994
4994
4994
4994
4994
4994
4994
4994
2812
4994
4994
4994
4717
1322
4859
4994
4115
4994
1218
1885
2456
4994
4272
2198
4994
4994
4994
1487
3430
4994
4994
4949
4994
979
4994
4994
4325
4994
2338
658
4810
4994
4994
3278
4994
4994
4196
3735
4994
4197
4994
4994
4994
2613
4324
4994
2187
4877
3796
4994
4994
4994
4994
2637
4994
4994
4742
4994
4802
4994
3793
3819
4994
4994
4215
4602
4994
817
2987
408
2595
3725
4709
2246
3700
4994
4994
4994
4994
4994
2496
4994
4994
4994
4994
4994
4994
4615
4319
2790
4994
1455
3357
4994
4994
4994
4994
4944
3173
4675
2534
4994
3812
4868
4994
4994
2762
1027
2190
4994
3856
4994
1435
4700
1843
1297
4887
3931
4994
1709
4994
4001
4994
4134
4994
4994
3858
1807
4994
4994
3565
3454
4994
4994
4953
4994
4994
4994
4994
4994
3205
4994
2722
4994
3422
4674
4994
4700
3378
3317
2879
4994
4994
3912
4994
4994
3327
4994
4994
4735
4994
1896
4994
4994
4994
4994
3444
3944
4474
3186
3103
3149
1288
4994
3887
4494
3203
4994
2158
2835
2780
4994
4994
4994
3151
4080
4228
4994
4994
4994
1332
4994
920
4994
3924
1838
3097
3917
4047
4994
3683
4994
3804
4994
3688
4838
4994
2084
4765
3545
4569
4994
4994
4545
4994
4994
4994
1975
4994
1503
2005
4994
1954
2725
4994
4994
4994
3978
4952
4994
4994
3839
4804
4994
3024
4994
4994
3314
3751
4994
4994
4994
2375
4994
4994
4584
3849
4994
4994
4136
4994
2423
2750
4994
4994
4994
4424
4820
4611
4926
4994
2458
4994
4994
3054
4994
4769
4994
4994
4136
4994
3854
4994
4994
4994
4994
4994
3616
4895
4994
4994
1931
3882
4994
4336
4994
4857
4318
4994
4994
3510
3485
4994
4916
4159
3670
3470
4994
4424
2798
4093
4500
4994
3689
4994
580
4994
4994
2705
4025
4994
4473
1851
3858
2624
4994
4994
4287
4557
4994
4994
1097
1795
4958
4994
4994
2870
4994
4994
4994
4994
4994
4994
4994
3561
3258
4994
2656
4994
1948
4994
4994
4994
2482
1603
1518
616
4994
4769
4994
4994
4106
4994
4994
4994
4994
4994
4994
3656
4994
1892
3479
4994
4450
3846
1477
4994
4994
3912
692
4916
3181
4489
4795
4633
4316
3468
4994
3942
433
4994
4994
4994
4994
2610
4994
4336
3614
4994
4994
4994
4994
4994
1695
4926
2250
1583
892
4994
1012
4994
4325
4801
1563
4994
3367
4994
1921
3441
4994
4994
4994
2734
4994
4994
4994
1808
4994
4994
4994
4994
4994
3174
4994
4994
4994
3762
4994
4994
4994
4994
3645
4994
3720
4994
932
4994
4994
4568
3703
4994
2960
1499
243
4043
4994
4994
4994
3024
4994
4994
4994
4994
4976
4994
4582
2957
1619
4994
4994
4994
4994
4994
4994
2174
2752
4994
4994
4994
4994
4790
4311
1589
4994
276
4994
4994
4994
4994
4994
2447
4802
4994
4994
4640
4994
2046
2307
4994
4880
4994
4994
1102
4994
2433
3948
4994
3369
4994
4994
4465
4994
3621
4474
4323
4994
4911
4994
4966
3611
4994
2349
4994
4994
4994
4667
3755
64
3721
4994
4994
4994
2750
4320
4994
3527
4994
2240
3276
4994
4695
4994
4994
3201
4994
4394
4994
1133
4994
4994
4086
1956
1720
3296
2383
4994
4994
4994
4994
4994
4994
2216
3777
4190
3398
4994
3936
4379
4994
3468
4702
3678
3275
4442
3705
4994
4994
4994
4994
4814
4994
3793
554
4738
4994
2500
4994
590
2110
2666
4994
4034
4994
4994
4994
3145
4994
4994
3043
4507
2688
3659
4994
4994
4994
4994
4994
3877
4994
4994
4943
4994
4623
1150
2037
3828
4994
4994
3727
2462
4523
4994
4994
2787
4868
4857
4994
4926
4994
4994
4034
4994
4994
4994
4372
4994
4924
4994
4994
4994
4747
1472
4994
4994
4994
4994
4994
4994
4994
4994
3424
2569
597
4994
4994
4530
3938
4994
4994
4994
4994
2606
4994
4994
4994
2536
4994
4994
4994
4994
4994
4994
4994
3921
4321
4153
1158
4548
3731
3738
4994
4994
3331
4994
4994
153
2277
4994
4994
4994
3151
4994
2792
4994
4994
3762
4744
4026
4994
1525
4994
1320
4902
2015
4974
3009
1795
1124
4994
4994
4994
4994
4994
1673
4994
4994
2399
4994
4994
4994
4994
1088
3085
4994
4994
4994
2634
4655
4994
4804
4859
4994
4034
4994
4994
4994
4994
1379
4994
4994
4410
4994
4994
1698
4994
4994
1200
4994
4994
4994
4399
4548
3256
4994
4994
4994
4994
4994
4994
2992
1812
4994
2790
4853
4908
3623
4994
4143
1262
2883
2418
4994
4023
4994
4994
4994
829
4994
4540
4994
4024
4994
4994
4994
4994
4994
4870
3903
4994
4994
4994
3877
4994
3704
1126
2642
3708
3121
1785
4994
4157
4874
4828
2066
4994
4994
3941
2743
4994
1997
2820
4073
4994
4994
4994
4994
2318
4994
1939
4994
4994
4994
4994
4994
4994
4994
4994
4994
2562
3952
4994
4994
2150
4994
4717
2371
4067
4802
4994
4919
4994
3042
4994
912
3879
2035
3990
4531
4867
4994
3323
4994
4994
3221
4316
4994
4994
4994
2447
3564
3622
4994
4490
4994
4994
4994
4994
4994
4994
4012
4994
69
4994
4994
4994
4994
4994
4747
4994
3162
3912
4994
4994
4221
3775
3946
4994
2354
4871
3781
4832
1827
4994
4994
4994
4994
4078
4371
4994
4994
4994
4994
4724
4029
4994
4607
2504
4421
1956
3527
2701
2972
4994
4994
4994
2867
4526
4994
4994
4994
4994
4994
2856
3685
4580
3097
4994
4375
639
4994
4311
4333
2606
4029
3151
4994
684
4994
4953
4994
1051
2990
4190
4355
4994
2504
2427
4994
4994
3924
4994
4450
4994
2577
4994
2768
4921
4994
3839
4994
1084
3299
4994
4994
4994
4994
4994
4994
4994
4994
4825
4990
4994
4994
4303
4631
4994
4994
4924
4994
4994
4994
4994
4994
2665
4593
4994
4285
4994
4994
4994
4994
3656
4994
4994
4994
3494
4994
4994
4994
1811
3779
4994
4903
1935
4994
4994
4994
4994
1045
2118
4994
4515
3703
4050
4994
1380
4994
4994
4994
2925
4957
4994
4994
4994
4994
1891
4994
4994
4254
4633
4994
3216
4994
4994
2680
4994
3221
4994
4994
1936
4790
3548
4994
4994
4994
4722
2831
278
1715
4387
3001
3643
2420
4994
4994
4994
4994
4184
4806
1321
2343
4994
4282
4994
747
2933
3243
4994
4994
4989
4994
1107
4994
4994
4994
4994
2889
4994
4994
4472
3150
4994
4015
4994
3278
4994
3061
4994
3704
4994
2368
4994
4994
4012
2947
4994
2663
4994
4994
4994
4994
3422
4994
4002
4994
4886
4994
4994
4994
4994
3337
4005
2716
2115
2427
3117
4994
4994
4321
4994
3461
4994
2436
4994
4994
4507
2901
1976
1898
2959
3520
4994
2114
1809
4994
3349
4994
3887
4994
4994
4994
2805
4026
4994
2497
3795
3217
4994
4994
4994
3297
3183
4994
4994
2292
4166
4994
1552
4293
4994
4534
4994
4914
4360
4994
3036
4935
3481
4526
4940
3465
4994
3020
1160
4994
4994
3834
4994
4863
387
2582
4769
4994
4994
2718
4994
4994
4994
2616
3344
4994
3085
4994
2255
4726
4994
3956
4994
3680
4994
4825
4026
4040
639
4994
4994
4994
3673
4329
4817
4994
1681
4994
3619
4994
4877
2962
4262
4994
4020
4994
2638
4994
4035
4994
2871
4994
4994
4412
3746
4994
4994
897
4994
4994
4994
1102
2540
3417
4994
3753
4994
4994
4457
4994
4994
1593
4994
2741
4994
4994
4332
4994
3430
3144
4994
4994
4994
2394
2140
4994
4994
4880
3745
4994
2814
4994
4994
4994
4994
1434
4994
4994
4994
4994
4994
4994
4994
4994
2518
4994
4994
1695
4994
4994
3269
4324
3524
4994
1745
2990
4994
4994
3627
1470
2840
2380
4069
4994
4994
3371
4584
1982
4994
4994
4221
2294
4994
4994
4040
4994
2964
1686
4148
2651
4994
4994
4994
1777
4994
4994
4994
4994
4349
4994
4169
4994
4994
3620
2423
4994
2758
4994
4994
4994
2064
4994
3548
4410
4994
4994
4994
4994
4994
3453
4994
2113
4689
3854
3267
4994
2584
4608
4994
4994
3300
3834
4250
4277
4994
4994
3833
2543
4251
4994
4994
4994
4421
4994
3954
4994
4994
4994
4994
4994
4637
4994
4994
2250
3909
1637
2812
1565
3789
4994
2106
4994
1410
2980
4994
2891
4877
2165
3362
4994
4994
2244
4649
2704
2149
4916
4375
4994
4994
2731
3978
4675
4994
4994
2478
3735
4490
4994
2822
4838
1440
4994
3219
4994
4253
4994
4953
4994
4994
3846
4994
4994
4994
2619
1925
1699
4994
2443
3929
4994
4545
4994
4212
4994
4994
2195
4926
4994
4994
4994
4994
1824
4430
3899
4228
4940
1070
4871
1442
4994
2261
4721
4994
2997
4149
4994
2893
2829
4994
3276
4576
4994
4033
4994
4810
4994
4994
4994
4994
4358
4994
4706
2783
3545
4340
3670
4994
4891
1469
4183
4994
2331
3464
1853
4767
2803
4994
4727
4570
4994
4994
3856
4994
4812
4994
3472
2662
4172
4994
4517
4994
4994
4994
4994
3909
4994
4994
4625
2257
203
4994
4994
4994
4994
3159
4994
3528
2375
4994
3683
1355
4727
4994
4994
2351
4907
4994
2920
3294
4497
4994
4994
4994
976
333
1824
2909
2947
2576
251
4902
4994
4565
4832
2200
3249
4994
4663
4994
4994
3074
4994
4994
4994
4994
4994
890
2850
4994
4509
4994
4994
4994
4994
4994
4593
3704
4994
3363
4805
4994
4799
4994
2186
1191
4244
4994
4447
4994
4994
2822
4994
1645
4994
2664
4690
2731
3217
4994
4994
4994
4994
4994
4994
879
4994
3727
3696
4994
4994
4979
2895
2448
3698
2824
4994
3823
4994
4994
1142
1625
2731
4994
4887
1422
3751
4994
2560
4994
878
4526
4051
1989
4994
4994
4994
1388
4994
4693
4994
4994
2042
3819
2934
4043
2462
3985
4994
4994
4150
4994
4994
4994
4994
2106
1140
4994
3989
4172
4994
4994
4320
2496
4053
4594
4759
4994
4994
4994
2871
4994
4079
4481
4994
4994
4714
4711
4994
4910
4994
4994
2925
3119
4994
4994
4994
4025
4994
4591
4185
4110
2806
3472
4857
4994
3314
3455
3910
4994
4994
2971
1154
4994
4994
3594
4964
2192
4837
3691
2245
2772
1172
2004
4994
4994
4647
3838
4573
4994
4994
4994
4994
2831
4994
4994
4994
4994
4994
4994
3662
1672
4994
3170
4908
4994
2873
4994
4994
2707
4994
3936
4994
4994
4994
3394
4994
3061
4994
3627
4994
4124
4994
3958
4994
4994
4994
4640
1634
4994
2209
2536
3186
4057
4994
4994
4994
4994
4994
4994
4994
1957
4962
4782
4994
3830
4993
4926
4016
1653
4994
4274
4994
3317
3689
3088
3959
2991
2257
2080
698
4994
3210
4994
4994
4994
1638
4994
453
3255
4994
3387
983
4994
4994
4994
1625
4994
4994
4994
4994
4994
4994
3587
4994
4994
4994
3965
4663
4994
4994
4994
4962
2796
4886
4619
2943
4994
4680
4994
4870
4586
3615
4994
4229
1284
4994
4190
1666
4994
4994
4994
2716
3858
4994
853
4994
4968
4994
4103
4994
4596
3351
2981
2931
3108
4994
2886
4994
2490
3291
4676
4994
4994
4994
4994
4994
4994
4994
4994
693
4994
3481
2440
3855
4994
4994
4994
4994
3439
4994
4994
4994
2612
4994
2970
871
771
3851
4994
4994
4994
4994
4994
4994
4994
4994
4994
4994
3490
4994
1436
4994
4994
4994
4562
446
4412
4944
4278
4994
3934
4994
4994
4994
2839
4994
4994
4994
4994
4994
4695
4828
4578
4994
4468
4994
4994
4144
295
3929
3050
4708
2720
2614
4994
4994
4994
4340
137
3700
4887
4053
1884
4336
3693
4666
4518
502
4676
4375
4994
4806
3339
4820
4994
4994
4994
4994
4064
4994
4994
4994
3118
2447
4972
4994
4994
4994
4994
918
4846
3884
4994
4994
4801
4994
4994
4994
3371
4994
4021
4163
4994
4994
4994
4994
4994
1065
4994
4763
4202
4994
4994
4994
4994
4162
2013
4994
4902
2836
3909
3052
3753
2953
3914
4994
4994
4994
3239
2781
4994
4994
4994
4994
2712
4994
4994
4994
4145
4994
4994
4068
4591
3009
2889
4994
4994
4994
4505
4994
4994
4994
4958
4994
4994
4994
4994
4994
4968
276
2282
4994
4544
4994
3505
2943
3909
3877
4994
4994
1588
1102
4994
4994
3866
1735
4093
4994
4287
4699
1494
3254
4463
4061
4994
2413
3298
4994
3079
4668
4200
4994
4994
2840
4994
4994
2512
947
3815
3934
2937
4994
4994
1119
4221
1700
1544
4260
4994
4994
3508
