Yes
1 1
3 2
1 3
3 4
4 6
2 5
4 4
3 6
1 5
2 3
4 2
2 1
3 3
1 2
3 1
4 3
3 5
1 6
2 4
4 5
2 6
1 4
2 2
4 1
Yes
1 1
3 2
1 3
3 4
1 5
2 7
4 6
2 5
1 7
3 6
4 4
2 3
4 2
2 1
3 3
1 4
3 5
4 7
2 6
4 5
3 7
1 6
2 4
1 2
3 1
4 3
2 2
4 1
Yes
1 2
3 3
4 1
2 2
1 4
3 5
1 6
2 8
4 7
2 6
1 8
3 7
4 5
2 4
4 3
3 1
2 3
4 4
2 5
4 6
3 8
1 7
3 6
4 8
2 7
1 5
3 4
4 2
2 1
1 3
3 2
1 1
Yes
1 1
3 2
1 3
3 4
1 5
3 6
1 7
2 9
4 8
2 7
1 9
3 8
4 6
2 5
4 4
2 3
4 2
2 1
3 3
1 4
3 5
1 6
3 7
4 9
2 8
4 7
3 9
1 8
2 6
4 5
2 4
1 2
3 1
4 3
2 2
4 1
Yes
1 1
3 2
1 3
3 4
1 5
3 6
1 7
3 8
4 10
2 9
4 8
3 10
1 9
2 7
4 6
2 5
4 4
2 3
4 2
2 1
3 3
1 4
3 5
1 6
3 7
1 8
2 10
4 9
2 8
1 10
3 9
4 7
2 6
4 5
2 4
1 2
3 1
4 3
2 2
4 1
