1504
1504
1504
1504
1504
1504
1504
1504
1504
1504
1504
1504
1504
1504
1504
1504
1504
1504
1504
1504
1504
1504
1504
1504
1504
1504
1504
1504
1504
1504
1504
1504
1504
1504
1504
1504
1504
1504
1504
1504
1504
1504
1504
1504
1504
1504
1504
1504
1504
1504
1504
1504
1504
1504
1504
1504
1504
1504
1504
1504
1504
1504
1504
1504
1504
1504
1504
1504
1504
1504
1504
1504
1504
1504
1504
1504
1504
1504
1504
1504
1504
1504
1504
1504
1504
1504
1504
1504
1504
1504
1504
1504
1504
1504
1504
1504
1504
1504
1504
1504
1504
1504
1504
1504
1504
1504
1504
1504
1504
1504
1504
1504
1504
1504
1504
1504
1504
1504
1504
1504
1504
1504
1504
1504
1504
1504
1504
1504
1504
1504
1504
1504
1504
1504
1504
1504
1504
1504
1504
1504
1504
1504
1504
1504
1504
1504
1504
1504
1504
1504
1504
1504
1504
1504
1504
1504
1504
1504
1504
1504
1504
1504
1504
1504
1504
1504
1504
1504
1504
1504
1504
1504
1504
1504
1504
1504
1504
1504
1504
1504
1504
1504
1504
1504
1504
1504
1504
1504
1504
1504
1504
1504
1504
1504
1504
1504
1504
1504
1504
1504
1504
1504
1504
1504
1504
1504
1504
1504
1504
1504
1504
1504
1504
1504
1504
1504
1504
1504
1504
1504
1504
1504
1504
1504
1504
1504
1504
1504
1504
1504
1504
1504
1504
1504
1504
1504
1504
1504
1504
1504
1504
1504
1504
1504
1504
1504
1504
1504
1504
1504
1504
1504
1504
1504
1504
1504
1504
1504
1504
1504
1504
1504
1504
1504
1504
1504
1504
1504
1504
1504
1504
1504
1504
1504
1504
1504
1504
1504
1504
1504
1504
1504
1504
1504
1504
1504
1504
1504
1504
1504
1504
1504
1504
1504
1504
1504
1504
1504
1504
1504
1504
1504
1504
1504
1504
1504
1504
1504
1504
1504
1504
1504
1504
1504
1504
1504
1504
1504
1504
1504
1504
1504
1504
1504
1504
1504
1504
1504
1504
1504
1504
1504
1504
1504
1504
1504
1504
1504
1504
1504
1504
1504
1504
1504
1504
1504
1504
1504
1504
1504
1504
1504
1504
1504
1504
1504
1504
1504
1504
1504
1504
1504
1504
1504
1504
1504
1504
1504
1504
1504
1504
1504
1504
1504
1504
1504
1504
1504
1504
1504
1504
1504
1504
1504
1504
1504
1504
1504
1504
1504
1504
1504
1504
1504
1504
1504
1504
1504
1504
1504
1504
1504
1504
1504
1504
1504
1504
1504
1504
1504
1504
1504
1504
1504
1504
1504
1504
1504
1504
1504
1504
1504
1504
1504
1504
1504
1504
1504
1504
1504
1504
1504
1504
1504
1504
1504
1504
1504
1504
1504
1504
1504
1504
1504
1504
1504
1504
1504
1504
1504
1504
1504
1504
1504
1504
1504
1504
1504
1504
1504
1504
1504
1504
1504
1504
1504
1504
1504
1504
1504
1504
1504
1504
1504
1504
1504
1504
1504
1504
1504
1504
1504
1504
1504
1504
1504
1504
1504
1504
1504
1504
1504
1504
1504
1504
1504
1504
1504
1504
1504
1504
1504
1504
1504
1504
1504
1504
1504
1504
1504
1504
1504
1504
1504
1504
1504
1504
1504
1504
1504
1504
1504
1504
1504
1504
1504
1504
1504
1504
1504
1504
1504
1504
1504
1504
1504
1504
1504
1504
1504
1504
1504
1504
1504
1504
1504
1504
1504
1504
1504
1504
1504
1504
1504
1504
1504
1504
1504
1504
1504
1504
1504
1504
1504
1504
1504
1504
1504
1504
1504
1504
1504
1504
1504
1504
1504
1504
1504
1504
1504
1504
1504
1504
1504
1504
1504
1504
1504
1504
1504
1504
1504
1504
1504
1504
1504
1504
1504
1504
1504
1504
1504
1504
1504
1504
1504
1504
1504
1504
1504
1504
1504
1504
1504
1504
1504
1504
1504
1504
1504
1504
1504
1504
1504
1504
1504
1504
1504
1504
1504
1504
1504
1504
1504
1504
1504
1504
1504
1504
1504
1504
1504
1504
1504
1504
1504
1504
1504
1504
1504
1504
1504
1504
1504
1504
1504
1504
1504
1504
1504
1504
1504
1504
1504
1504
1504
1504
1504
1504
1504
1504
1504
1504
1504
1504
1504
1504
1504
1504
1504
1504
1504
1504
1504
1504
1504
1504
1504
1504
1504
1504
1504
1504
1504
1504
1504
1504
1504
1504
1504
1504
1504
1504
1504
1504
1504
1504
1504
1504
1504
1504
1504
1504
1504
1504
1504
1504
1504
1504
1504
1504
1504
1504
1504
1504
1504
1504
1504
1504
1504
1504
1504
1504
1504
1504
1504
1504
1504
1504
1504
1504
1504
1504
1504
1504
1504
1504
1504
1504
1504
1504
1504
1504
1504
1504
1504
1504
1504
1504
1504
1504
1504
1504
1504
1504
1504
1504
1504
1504
1504
1504
1504
1504
1504
1504
1504
1504
1504
1504
1504
1504
1504
1504
1504
1504
1504
1504
1504
1504
1504
1504
1504
1504
1504
1504
1504
1504
1504
1504
1504
1504
1504
1504
1504
1504
1504
1504
1504
1504
1504
1504
1504
1504
1504
1504
1504
1504
1504
1504
1504
1504
1504
1504
1506
1508
1509
1510
1511
1512
1513
1513
1514
1515
1515
1517
1519
1520
1522
1526
1526
1526
1527
1528
1528
1531
1531
1532
1532
1535
1537
1540
1541
1542
1542
1545
1545
1546
1546
1546
1547
1547
1548
1549
1549
1550
1550
1551
1552
1556
1557
1557
1558
1560
1561
1561
1563
1564
1564
1565
1566
1566
1566
1568
1568
1571
1574
1574
1576
1577
1577
1579
1579
1579
1582
1583
1585
1585
1586
1586
1587
1588
1590
1590
1591
1592
1594
1595
1595
1595
1599
1600
1602
1602
1603
1604
1604
1605
1605
1605
1607
1607
1607
1608
1612
1612
1613
1613
1614
1614
1616
1616
1617
1618
1619
1620
1620
1623
1625
1627
1630
1631
1632
1633
1635
1636
1638
1639
1639
1640
1640
1641
1641
1641
1643
1643
1644
1644
1645
1645
1645
1646
1647
1648
1651
1651
1652
1652
1654
1655
1655
1656
1656
1661
1662
1663
1663
1664
1664
1665
1667
1667
1668
1670
1671
1671
1675
1677
1678
1678
1679
1682
1682
1683
1685
1686
1687
1688
1690
1690
1691
1695
1695
1696
1696
1697
1697
1698
1699
1702
1703
1707
1708
1708
1710
1711
1714
1714
1715
1716
1716
1717
1717
1719
1722
1722
1723
1723
1725
1726
1726
1728
1729
1730
1732
1734
1735
1736
1736
1737
1738
1738
1739
1742
1743
1743
1747
1747
1748
1749
1750
1752
1752
1753
1754
1754
1754
1755
1755
1755
1756
1757
1760
1760
1761
1762
1763
1763
1764
1766
1767
1767
1768
1771
1771
1771
1773
1777
1778
1779
1780
1781
1781
1782
1783
1787
1787
1787
1788
1790
1790
1792
1795
1797
1798
1799
1799
1799
1800
1801
1804
1804
1804
1807
1808
1809
1809
1810
1811
1813
1816
1820
1827
1827
1829
1829
1830
1831
1832
1832
1833
1835
1835
1837
1838
1838
1839
1840
1840
1840
1841
1844
1844
1849
1849
1850
1850
1851
1855
1857
1860
1861
1864
1864
1866
1866
1867
1868
1869
1870
1870
1872
1878
1879
1880
1880
1882
1889
1889
1891
1891
1891
1893
1893
1894
1895
1897
1898
1898
1899
1899
1900
1900
1904
1906
1909
1910
1910
1912
1912
1913
1914
1914
1916
1916
1917
1918
1919
1922
1923
1924
1926
1926
1927
1931
1934
1935
1937
1940
1944
1944
1945
1945
1946
1946
1948
1949
1951
1953
1955
1957
1957
1958
1959
1961
1961
1964
1964
1966
1966
1966
1967
1968
1971
1972
1972
1973
1974
1977
1977
1978
1978
1980
1982
1983
1983
1983
1983
1985
1986
1987
1987
1988
1988
1988
1989
1991
1992
1993
1994
1994
1995
1996
1996
1997
1997
1998
1998
1999
2001
2002
2004
2005
2005
2006
2006
2007
2007
2008
2012
2014
2015
2016
2017
2018
2019
2019
2020
2020
2020
2021
2021
2022
2022
2024
2027
2027
2028
2029
2030
2033
2035
2035
2035
2036
2040
2040
2041
2043
2044
2046
2046
2049
2050
2052
2054
2054
2058
2059
2060
2061
2062
2062
2072
2075
2076
2076
2077
2077
2080
2080
2083
2083
2084
2085
2086
2086
2086
2088
2089
2089
2091
2092
2093
2094
2094
2095
2096
2097
2099
2100
2101
2103
2103
2104
2104
2105
2108
2108
2110
2111
2111
2112
2112
2112
2112
2112
2113
2113
2114
2115
2115
2119
2119
2120
2120
2121
2121
2124
2124
2126
2128
2128
2129
2129
2130
2131
2131
2132
2135
2136
2138
2139
2142
2143
2143
2144
2145
2148
2150
2152
2152
2153
2154
2155
2156
2156
2157
2163
2167
2167
2169
2170
2172
2172
2174
2176
2177
2177
2178
2179
2179
2180
2182
2184
2184
2188
2191
2193
2193
2193
2194
2195
2196
2199
2200
2201
2203
2203
2204
2205
2207
2208
2208
2208
2210
2210
2211
2211
2212
2213
2213
2215
2216
2216
2218
2219
2219
2220
2222
2222
2223
2224
2224
2225
2228
2228
2228
2228
2229
2230
2231
2234
2240
2240
2241
2244
2245
2245
2252
2254
2256
2259
2260
2261
2262
2263
2263
2267
2269
2272
2272
2272
2272
2274
2277
2277
2278
2279
2279
2280
2280
2281
2282
2284
2284
2285
2286
2287
2287
2287
2289
2290
2290
2292
2292
2293
2294
2295
2296
2297
2298
2298
2302
2302
2302
2303
2304
2305
2307
2307
2308
2311
2311
2315
2315
2319
2319
2319
2320
2320
2321
2322
2323
2324
2326
2326
2333
2333
2335
2335
2336
2337
2339
2341
2341
2341
2342
2343
2344
2344
2344
2344
2345
2347
2353
2353
2353
2354
2357
2358
2359
2360
2361
2365
2367
2369
2369
2369
2369
2370
2371
2372
2373
2374
2375
2376
2379
2379
2379
2381
2381
2381
2383
2383
2384
2384
2385
2391
2391
2393
2397
2400
2402
2402
2403
2404
2405
2406
2407
2408
2408
2408
2409
2410
2411
2413
2413
2415
2415
2415
2416
2416
2419
2422
2424
2425
2426
2426
2427
2428
2428
2429
2430
2431
2432
2432
2432
2434
2434
2436
2436
2436
2438
2438
2441
2441
2443
2444
2444
2447
2447
2447
2449
2450
2450
2452
2452
2453
2454
2455
2457
2458
2459
2461
2461
2462
2463
2468
2470
2473
2474
2477
2478
2479
2479
2479
2482
2482
2484
2485
2486
2489
2490
2491
2491
2491
2493
2493
2494
2494
2494
2495
2495
2495
2499
2500
2502
2504
2505
2506
2507
2508
2509
2511
2513
2514
2515
2515
2516
2517
2520
2520
2521
2523
2523
2523
2523
2524
2524
2524
2526
2527
2527
2529
2531
2531
2532
2532
2535
2539
2540
2540
2542
2546
2548
2549
2550
2550
2551
2551
2552
2553
2554
2556
2559
2561
2565
2566
2567
2570
2571
2572
2573
2573
2575
2575
2576
2579
2582
2585
2586
2588
2589
2590
2591
2592
2593
2594
2595
2596
2598
2598
2600
2601
2601
2602
2604
2607
2610
2610
2612
2614
2614
2615
2617
2622
2622
2627
2629
2630
2633
2634
2634
2634
2635
2636
2637
2638
2639
2641
2641
2644
2645
2646
2646
2647
2649
2654
2656
2656
2661
2662
2664
2664
2665
2666
2667
2669
2669
2669
2669
2670
2672
2673
2674
2674
2675
2676
2682
2689
2689
2690
2691
2691
2692
2693
2694
2694
2696
2696
2697
2697
2701
2703
2704
2707
2713
2713
2714
2716
2719
2720
2721
2722
2722
2723
2723
2724
2725
2727
2728
2730
2732
2732
2733
2735
2739
2739
2740
2740
2743
2743
2745
2745
2746
2747
2747
2748
2748
2749
2750
2750
2751
2751
2752
2754
2754
2755
2755
2758
2759
2760
2763
2764
2765
2769
2769
2772
2772
2772
2773
2776
2776
2777
2779
2779
2779
2780
2780
2781
2781
2782
2782
2784
2787
2790
2791
2792
2792
2793
2793
2797
2798
2801
2803
2806
2806
2809
2810
2812
2814
2817
2818
2818
2818
2821
2822
2822
2822
2824
2826
2827
2827
2829
2829
2830
2831
2831
2834
2835
2836
2836
2837
2837
2840
2843
2843
2846
2848
2851
2851
2853
2854
2856
2856
2857
2860
2862
2864
2864
2866
2867
2867
2870
2872
2872
2873
2876
2876
2877
2878
2879
2879
2880
2882
2882
2883
2884
2884
2884
2888
2889
2889
2892
2892
2894
2894
2894
2895
2896
2896
2897
2900
2901
2902
2904
2905
2908
2909
2912
2914
2914
2915
2915
2916
2916
2918
2921
2922
2924
2927
2927
2928
2928
2929
2931
2933
2937
2938
2938
2938
2942
2942
2943
2944
2946
2947
2948
2948
2949
2950
2955
2956
2959
2961
2962
2962
2964
2967
2967
2971
2971
2971
2972
2972
2974
2975
2975
2977
2977
2977
2979
2980
2981
2985
2986
2986
2987
2989
2991
2993
2994
2994
2994
2995
2998
2998
2999
3000
3001
3006
3008
3010
3010
3012
3013
3016
3016
3016
3020
3023
3024
3025
3026
3028
3028
3029
3032
3034
3038
3045
3046
3047
3048
3050
3052
3054
3054
3058
3060
3061
3068
3068
3070
3071
3074
3074
3082
3084
3084
3092
3093
3094
3098
3098
3100
3100
3102
3110
3112
3112
3114
3116
3116
3117
3118
3124
3126
3126
3128
3128
3129
3136
3138
3144
3145
3150
3155
3156
3156
3160
3162
3164
3165
3170
3172
3172
3172
3174
3176
3176
3178
3181
3182
3182
3185
3188
3188
3190
3191
3194
3204
3204
3206
3211
3212
3216
3219
3220
3226
3226
3228
3234
3236
3236
3241
3246
3247
3252
3252
3252
3252
3252
3257
3260
3262
3262
3266
3268
3268
3271
3273
3273
3274
3274
3276
3278
3278
3287
3288
3288
3290
3293
3294
3295
3296
3296
3297
3298
3300
3301
3304
3304
3304
3308
3308
3308
3312
3314
3316
3320
3322
3324
3324
3328
3328
3330
3332
3334
3337
3338
3340
3340
3341
3343
3344
3344
3350
3350
3352
3354
3354
3366
3368
3368
3369
3372
3373
3374
3375
3377
3378
3379
3380
3380
3401
3402
3402
3403
3405
3405
3406
3408
3408
3412
3418
3420
3420
3422
3424
3428
3431
3431
3434
3436
3437
3442
3443
3444
3444
3446
3448
3450
3450
3452
3452
3452
3456
3458
3460
3460
3462
3468
3468
3472
3475
3476
3478
3478
3479
3482
3484
3488
3493
3494
3496
3497
3499
3500
3505
3506
3510
3518
3518
3518
3525
3526
3530
3537
3539
3540
3544
3548
3548
3550
3554
3554
3555
3558
3559
3560
3561
3562
3564
3565
3565
3566
3566
3575
3576
3576
3576
3577
3578
3578
3578
3582
3582
3586
3588
3590
3593
3597
3598
3600
3601
3606
3606
3608
3609
3610
3612
3613
3616
3620
3621
3625
3632
3636
3638
3638
3640
3643
3644
3644
3646
3648
3651
3652
3652
3652
3654
3656
3656
3656
3656
3656
3657
3658
3660
3660
3662
3662
3663
3664
3665
3668
3670
3672
3677
3678
3681
3682
3682
3684
3687
3688
3688
3692
3692
3693
3694
3696
3700
3700
3702
3704
3710
3710
3711
3714
3715
3716
3718
3718
3724
3725
3727
3732
3735
3736
3738
3747
3748
3748
3749
3749
3750
3756
3758
3758
3764
3764
3769
3770
3772
3772
3773
3773
3774
3777
3782
3784
3785
3786
3788
3789
3794
3794
3795
3796
3798
3803
3804
3806
3807
3812
3816
3820
3823
3828
3829
3835
3840
3840
3844
3848
3848
3848
3848
3848
3852
3854
3856
3856
3858
3860
3861
3862
3864
3864
3870
3870
3870
3870
3871
3872
3873
3876
3877
3877
3879
3880
3882
3887
3887
3888
3888
3890
3891
3892
3894
3894
3894
3897
3900
3900
3901
3902
3906
3907
3907
3908
3909
3910
3912
3912
3912
3914
3914
3915
3918
3919
3920
3921
3922
3928
3938
3940
3942
3956
3956
3956
3964
3964
3966
3968
3976
3977
3978
3979
3980
3982
3982
3985
3986
3988
3989
3990
3992
3999
4004
4004
4006
4007
4007
4008
4010
4010
4012
4014
4016
4016
4022
4022
4022
4023
4023
4023
4028
4034
4035
4036
4036
4036
4038
4040
4040
4051
4052
4056
4061
4064
4066
4069
4070
4070
4071
4072
4073
4074
4076
4077
4078
4079
4080
4082
4082
4084
4086
4088
4094
4095
4098
4101
4104
4104
4104
4106
4111
4112
4112
4114
4115
4116
4116
4117
4117
4120
4120
4122
4124
4124
4124
4126
4130
4132
4132
4134
4134
4142
4146
4146
4147
4149
4152
4155
4157
4158
4160
4160
4160
4161
4162
4163
4168
4168
4170
4171
4173
4174
4174
4176
4176
4177
4177
4178
4180
4184
4187
4192
4198
4206
4206
4208
4210
4210
4212
4215
4220
4223
4224
4226
4226
4226
4227
4228
4233
4234
4236
4236
4238
4242
4250
4250
4252
4256
4258
4258
4264
4264
4265
4266
4267
4268
4272
4274
4278
4284
4290
4292
4292
4296
4298
4298
4304
4305
4306
4314
4320
4320
4320
4322
4326
4328
4328
4330
4332
4333
4336
4336
4336
4338
4340
4340
4340
4347
4349
4350
4350
4350
4352
4354
4355
4356
4356
4356
4359
4360
4361
4363
4364
4364
4365
4366
4368
4368
4368
4370
4370
4372
4376
4376
4378
4378
4379
4385
4385
4390
4392
4396
4400
4406
4408
4408
4410
4413
4414
4416
4418
4422
4425
4430
4430
4432
4432
4436
4438
4442
4445
4446
4446
4448
4450
4454
4457
4460
4461
4462
4462
4466
4468
4470
4470
4471
4472
4473
4474
4474
4475
4476
4478
4480
4481
4482
4482
4482
4485
4486
4490
4490
4492
4493
4496
4498
4500
4502
4504
4504
4508
4510
4510
4511
4512
4514
4518
4519
4519
4520
4522
4525
4526
4530
4532
4536
4538
4539
4540
4540
4542
4545
4546
4547
4548
4550
4550
4556
4559
4559
4560
4562
4562
4562
4564
4564
4566
4566
4567
4568
4572
4573
4580
4580
4584
4587
4590
4592
4592
4593
4594
4597
4597
4598
4599
4599
4601
4603
4603
4606
4609
4610
4610
4612
4616
4617
4617
4617
4618
4619
4624
4624
4626
4628
4630
4632
4635
4637
4638
4640
4640
4642
4642
4644
4645
4646
4647
4648
4654
4654
4656
4659
4659
4660
4661
4662
4662
4663
4668
4671
4671
4672
4674
4677
4678
4682
4685
4686
4687
4687
4688
4692
4694
4696
4696
4700
4701
4702
4702
4706
4706
4708
4712
4712
4714
4718
4720
4721
4722
4724
4726
4727
4728
4728
4728
4730
4730
4732
4734
4734
4735
4738
4738
4738
4741
4742
4742
4746
4750
4750
4752
4759
4760
4760
4760
4761
4763
4764
4765
4766
4767
4768
4769
4770
4770
4771
4772
4772
4772
4772
4772
