114586
192056
254945
651991
609678
284904
95058
58748
670970
423689
744115
140952
235633
922893
703291
758869
192139
11639
102506
872234
180104
554592
22553
310604
156793
225488
43817
348270
384743
688515
827
87110
548153
1
317519
9339
36117
911663
0
446497
1003240
546813
35640
104019
39332
910623
499151
881409
308953
653624
222146
140276
606203
361
622717
607898
594912
155163
8704
98853
722788
0
629385
657812
158473
256839
384873
114224
109464
482835
688260
80840
875509
295663
315
23896
267496
165677
41448
605422
269123
1774
1
55292
404210
665005
329096
528170
570908
627062
314171
146502
1
53863
753253
570674
123745
146153
362541
44528
