1
105
110
111
112
133
140
148
149
154
164
185
186
187
192
193
194
197
198
141
201
2
202
134
205
206
210
211
212
213
214
215
216
217
225
3
226
165
203
233
237
239
166
241
244
245
250
207
4
253
256
263
265
266
5
268
278
280
281
282
283
155
291
6
113
292
294
295
7
296
298
299
300
254
301
302
227
135
303
307
269
308
309
317
321
323
327
330
156
333
334
336
157
337
339
8
340
328
343
344
9
345
257
346
324
349
351
353
10
354
11
158
355
199
114
356
359
360
362
363
364
12
365
368
115
369
218
373
374
234
376
377
380
381
382
13
384
386
387
388
389
228
167
390
391
14
392
395
400
401
402
229
403
405
15
142
219
406
258
407
341
409
410
251
412
413
414
415
416
417
418
168
419
420
423
424
425
426
427
428
242
431
434
436
438
442
443
322
279
445
220
446
447
448
449
450
284
444
318
451
452
169
454
310
455
460
143
463
464
465
116
259
466
467
468
16
469
472
17
473
474
476
477
270
478
479
482
483
484
487
490
491
492
493
494
496
497
500
502
503
508
509
510
512
513
335
514
18
515
517
170
518
144
370
519
485
19
20
396
271
520
523
524
525
526
528
529
531
21
533
534
535
22
539
540
541
542
543
23
421
171
24
172
25
546
325
173
285
547
480
548
550
551
311
552
553
554
272
556
557
26
558
559
560
561
516
267
230
246
562
563
564
456
565
566
567
247
568
27
569
570
571
408
572
575
174
576
578
175
579
501
312
28
581
582
583
584
585
586
587
588
589
590
235
592
593
594
383
596
597
598
29
347
599
208
30
600
601
573
602
240
457
117
604
605
176
31
606
607
118
608
32
248
611
313
612
188
458
613
614
615
511
304
616
617
618
619
33
620
273
375
622
623
34
625
521
626
628
432
119
120
159
252
629
630
371
631
609
632
634
439
326
195
635
136
461
636
637
137
638
35
639
640
641
642
643
36
361
644
645
121
646
647
648
122
651
652
653
654
655
37
656
657
357
440
659
189
660
662
177
663
666
667
668
669
670
671
260
672
673
674
38
675
577
676
145
677
678
679
682
39
536
683
684
685
687
688
178
123
689
40
690
264
41
691
692
693
696
314
697
698
537
699
700
160
701
530
42
441
703
429
315
430
705
286
706
707
190
43
708
709
106
196
44
124
504
329
710
694
711
713
686
714
680
715
366
372
716
717
718
45
719
46
720
47
221
721
722
48
724
695
305
725
726
481
727
729
338
49
731
702
732
733
107
393
274
50
125
734
51
736
222
243
737
738
740
741
742
633
743
744
745
52
746
238
179
747
748
750
751
753
754
755
757
758
760
761
762
146
764
505
161
53
765
54
108
55
766
433
56
767
768
771
275
773
774
776
778
779
780
781
782
783
378
784
785
126
498
786
397
787
788
749
789
790
791
793
475
352
794
795
462
367
796
797
798
799
800
801
180
150
803
804
661
805
806
775
807
808
437
802
57
58
809
59
574
769
293
60
810
811
261
812
739
61
813
814
319
815
816
817
818
819
820
821
62
822
63
209
823
824
404
825
826
350
827
828
276
64
829
398
127
830
831
532
65
832
453
833
486
342
200
834
835
66
67
792
68
69
836
837
838
839
840
841
181
842
843
277
844
70
845
151
71
846
847
72
848
849
128
850
73
522
851
591
331
852
853
255
74
854
855
856
857
858
358
859
495
860
862
624
861
649
129
75
863
864
76
865
866
867
77
868
231
555
869
870
871
872
506
873
182
874
875
876
610
877
878
879
880
399
881
78
262
882
348
883
884
681
885
887
147
162
79
80
888
81
889
82
890
891
527
83
332
320
892
893
84
85
894
287
895
86
896
898
288
488
223
899
232
900
87
664
138
901
289
290
902
903
88
904
905
906
658
109
89
580
907
908
909
897
910
911
913
914
306
90
915
916
917
918
919
920
921
759
922
704
923
924
925
926
927
928
929
930
91
752
183
931
92
932
933
934
763
912
935
936
163
130
93
772
937
650
938
939
940
941
942
943
94
944
95
152
96
945
422
946
947
249
948
886
949
950
470
951
952
953
236
954
955
956
184
957
958
471
204
959
960
961
459
728
97
962
963
964
965
435
966
153
98
723
967
968
969
970
99
735
544
971
191
972
131
973
224
603
770
974
489
975
411
976
730
100
101
595
297
977
978
979
385
980
394
102
981
982
983
379
984
985
507
103
986
987
665
988
989
538
756
990
991
316
545
627
992
139
993
132
712
994
104
995
549
996
997
998
499
999
1000
777
621
